63.0 APEX_CODE,FINEST;APEX_PROFILING,INFO;CALLOUT,INFO;DATA_ACCESS,INFO;DB,INFO;NBA,INFO;SYSTEM,DEBUG;VALIDATION,INFO;VISUALFORCE,INFO;WAVE,INFO;WORKFLOW,INFO
10:17:52.0 (211208)|USER_INFO|[EXTERNAL]|0056T000009Pyua|jairo.calderon105@t-mobile.com.tfb.digital.majordev2|(GMT-07:00) Pacific Daylight Time (America/Los_Angeles)|GMT-07:00
10:17:52.0 (59090073)|SOQL_EXECUTE_BEGIN|[446]|Aggregations:0|SELECT COUNT(Id) nsCount FROM ApexClass WHERE NamespacePrefix = :tmpVar1
10:17:52.0 (85634137)|SOQL_EXECUTE_END|[446]|Rows:1
10:17:52.0 (86556305)|SOQL_EXECUTE_BEGIN|[454]|Aggregations:0|SELECT Id FROM ApexClass WHERE Name = :tmpVar1
10:17:52.0 (95974601)|SOQL_EXECUTE_END|[454]|Rows:1
10:17:52.0 (98960240)|SOQL_EXECUTE_BEGIN|[466]|Aggregations:0|SELECT SetupEntityId, TYPEOF SetupEntity WHEN ApexClass THEN Id, Name, NamespacePrefix END FROM SetupEntityAccess WHERE (SetupEntityId = :tmpVar1 AND SetupEntityType = 'ApexClass' AND ParentId IN (SELECT PermissionSetId FROM PermissionSetAssignment WHERE AssigneeId = :tmpVar2))
10:17:52.0 (160744292)|SOQL_EXECUTE_END|[466]|Rows:1
10:17:52.0 (176680205)|STATEMENT_EXECUTE|[15]
10:17:52.0 (176749431)|SYSTEM_MODE_ENTER|true
10:17:52.0 (176763057)|HEAP_ALLOCATE|[44]|Bytes:5
10:17:52.0 (176770108)|STATEMENT_EXECUTE|[44]
10:17:52.0 (176775043)|HEAP_ALLOCATE|[44]|Bytes:5
10:17:52.0 (176813854)|VARIABLE_ASSIGNMENT|[44]|CallableLogger.returnLogEntryEventBuilderInOutput|false
10:17:52.0 (176818983)|STATEMENT_EXECUTE|[73]
10:17:52.0 (176823233)|SYSTEM_MODE_EXIT|true
10:17:52.0 (176850592)|SYSTEM_MODE_ENTER|true
10:17:52.0 (176854475)|HEAP_ALLOCATE|[59]|Bytes:5
10:17:52.0 (176870558)|SYSTEM_MODE_EXIT|true
10:17:52.0 (176875436)|STATEMENT_EXECUTE|[15]
10:17:52.0 (176877456)|SYSTEM_MODE_ENTER|true
10:17:52.0 (176880718)|HEAP_ALLOCATE|[59]|Bytes:5
10:17:52.0 (176884365)|SYSTEM_MODE_EXIT|true
10:17:52.0 (177496091)|SYSTEM_MODE_EXIT|true
10:17:52.0 (177505910)|STATEMENT_EXECUTE|[15]
10:17:52.0 (177508088)|SYSTEM_MODE_ENTER|true
10:17:52.0 (177511206)|HEAP_ALLOCATE|[59]|Bytes:5
10:17:52.0 (177515297)|SYSTEM_MODE_EXIT|true
10:17:52.0 (177522853)|HEAP_ALLOCATE|[59]|Bytes:4
10:17:52.0 (177840285)|SYSTEM_MODE_EXIT|true
10:17:52.0 (177845404)|STATEMENT_EXECUTE|[15]
10:17:52.0 (177847914)|SYSTEM_MODE_ENTER|true
10:17:52.0 (177851102)|HEAP_ALLOCATE|[59]|Bytes:5
10:17:52.0 (177854777)|SYSTEM_MODE_EXIT|true
10:17:52.0 (177860942)|HEAP_ALLOCATE|[59]|Bytes:4
10:17:52.0 (177946216)|VARIABLE_SCOPE_BEGIN|[52]|this|CallableLogger|true|false
10:17:52.0 (177976477)|VARIABLE_ASSIGNMENT|[52]|this|{}|0x7eb52344
10:17:52.0 (177982570)|VARIABLE_SCOPE_BEGIN|[52]|action|String|false|false
10:17:52.0 (177997962)|VARIABLE_ASSIGNMENT|[52]|action|"newEntry"
10:17:52.0 (178007524)|VARIABLE_SCOPE_BEGIN|[52]|arguments|Map<String,ANY>|true|false
10:17:52.0 (178035517)|VARIABLE_ASSIGNMENT|[52]|arguments|{"input":"Map of size 16 too large to display","output":{"error":"OK"},"options":"Map of size 6 too large to display"}|0x311b15de
10:17:52.0 (178044374)|SYSTEM_MODE_ENTER|true
10:17:52.0 (178048151)|HEAP_ALLOCATE|[53]|Bytes:5
10:17:52.0 (178052089)|STATEMENT_EXECUTE|[52]
10:17:52.0 (178053314)|STATEMENT_EXECUTE|[53]
10:17:52.0 (178055476)|HEAP_ALLOCATE|[53]|Bytes:14
10:17:52.0 (178099839)|HEAP_ALLOCATE|[53]|Bytes:8
10:17:52.0 (178105464)|HEAP_ALLOCATE|[53]|Bytes:8
10:17:52.0 (178108673)|VARIABLE_SCOPE_BEGIN|[4]|this|System.Type|true|false
10:17:52.0 (178126230)|VARIABLE_ASSIGNMENT|[4]|this|{}|0x20b6b409
10:17:52.0 (178130708)|VARIABLE_SCOPE_BEGIN|[4]|apextype|java:common.apex.runtime.ApexObjectType|true|false
10:17:52.0 (178346118)|VARIABLE_ASSIGNMENT|[4]|apextype|"CallableLogger"|0x3f801ff1
10:17:52.0 (181870490)|VARIABLE_SCOPE_BEGIN|[17]|LoggerStackTrace.IGNORED_APEX_ORIGINS|Set<String>|true|true
10:17:52.0 (181921585)|VARIABLE_SCOPE_BEGIN|[20]|LoggerStackTrace.INVALID_NAMESPACED_STACK_TRACE_PATTERN|System.Pattern|true|true
10:17:52.0 (181930252)|VARIABLE_SCOPE_BEGIN|[18]|LoggerStackTrace.NEW_LINE_DELIMITER|String|false|true
10:17:52.0 (181951680)|HEAP_ALLOCATE|[53]|Bytes:85
10:17:52.0 (181960790)|HEAP_ALLOCATE|[53]|Bytes:260
10:17:52.0 (181964633)|HEAP_ALLOCATE|[53]|Bytes:63
10:17:52.0 (181969317)|HEAP_ALLOCATE|[53]|Bytes:1
10:17:52.0 (181982615)|VARIABLE_ASSIGNMENT|[53]|LoggerStackTrace.NEW_LINE_DELIMITER|"\n"
10:17:52.0 (181990392)|STATEMENT_EXECUTE|[16]
10:17:52.0 (181999955)|HEAP_ALLOCATE|[17]|Bytes:5
10:17:52.0 (182003845)|STATEMENT_EXECUTE|[17]
10:17:52.0 (182016617)|HEAP_ALLOCATE|[17]|Bytes:4
10:17:52.0 (182060923)|HEAP_ALLOCATE|[17]|Bytes:16
10:17:52.0 (182116605)|HEAP_ALLOCATE|[17]|Bytes:8
10:17:52.0 (182122299)|HEAP_ALLOCATE|[17]|Bytes:8
10:17:52.0 (182126100)|VARIABLE_SCOPE_BEGIN|[4]|this|System.Type|true|false
10:17:52.0 (182152570)|VARIABLE_ASSIGNMENT|[4]|this|{}|0xfde2ec6
10:17:52.0 (182157294)|VARIABLE_SCOPE_BEGIN|[4]|apextype|java:common.apex.runtime.ApexObjectType|true|false
10:17:52.0 (182265826)|VARIABLE_ASSIGNMENT|[4]|apextype|"LoggerStackTrace"|0x10fb7ae9
10:17:52.0 (182296646)|HEAP_ALLOCATE|[17]|Bytes:8
10:17:52.0 (182311739)|METHOD_ENTRY|[17]||System.Type.getName()
10:17:52.0 (182351148)|METHOD_EXIT|[17]||System.Type.getName()
10:17:52.0 (182390542)|VARIABLE_ASSIGNMENT|[17]|LoggerStackTrace.IGNORED_APEX_ORIGINS|["LoggerStackTrace"]|0x503e9bce
10:17:52.0 (182395959)|STATEMENT_EXECUTE|[50]
10:17:52.0 (182397358)|STATEMENT_EXECUTE|[283]
10:17:52.0 (182398698)|STATEMENT_EXECUTE|[289]
10:17:52.0 (182399915)|STATEMENT_EXECUTE|[295]
10:17:52.0 (182416956)|METHOD_ENTRY|[53]|01pEm000009XbWf|LoggerStackTrace.ignoreOrigin(System.Type)
10:17:52.0 (182439908)|VARIABLE_SCOPE_BEGIN|[68]|apexType|System.Type|true|false
10:17:52.0 (182457505)|VARIABLE_ASSIGNMENT|[68]|apexType|{"aot":"0x3f801ff1"}|0x20b6b409
10:17:52.0 (182466798)|HEAP_ALLOCATE|[69]|Bytes:5
10:17:52.0 (182470273)|STATEMENT_EXECUTE|[68]
10:17:52.0 (182471354)|STATEMENT_EXECUTE|[69]
10:17:52.0 (182670668)|HEAP_ALLOCATE|[69]|Bytes:4
10:17:52.0 (182770279)|METHOD_EXIT|[69]||System.Type.getName()
10:17:52.0 (182782390)|METHOD_ENTRY|[69]|01pEm000009XbWf|LoggerStackTrace.ignoreOrigin(LoggerStackTrace.SourceLanguage, String)
10:17:52.0 (182787760)|VARIABLE_SCOPE_BEGIN|[81]|language|LoggerStackTrace.SourceLanguage|true|false
10:17:52.0 (182803787)|VARIABLE_ASSIGNMENT|[81]|language|"Apex"|0x5d25a296
10:17:52.0 (182808894)|VARIABLE_SCOPE_BEGIN|[81]|origin|String|false|false
10:17:52.0 (182816781)|VARIABLE_ASSIGNMENT|[81]|origin|"CallableLogger"
10:17:52.0 (182824462)|HEAP_ALLOCATE|[82]|Bytes:5
10:17:52.0 (182827936)|STATEMENT_EXECUTE|[81]
10:17:52.0 (182829252)|STATEMENT_EXECUTE|[82]
10:17:52.0 (182887693)|STATEMENT_EXECUTE|[83]
10:17:52.0 (182889010)|STATEMENT_EXECUTE|[84]
10:17:52.0 (182906162)|HEAP_ALLOCATE|[EXTERNAL]|Bytes:4
10:17:52.0 (182918558)|METHOD_EXIT|[69]|01pEm000009XbWf|LoggerStackTrace.ignoreOrigin(LoggerStackTrace.SourceLanguage, String)
10:17:52.0 (182925274)|METHOD_EXIT|[53]|01pEm000009XbWf|LoggerStackTrace.ignoreOrigin(System.Type)
10:17:52.0 (182929487)|STATEMENT_EXECUTE|[55]
10:17:52.0 (182951490)|VARIABLE_ASSIGNMENT|[55]|arguments|{"input":"Map of size 16 too large to display","output":{"error":"OK"},"options":"Map of size 6 too large to display"}|0x311b15de
10:17:52.0 (182956946)|STATEMENT_EXECUTE|[56]
10:17:52.0 (182995165)|VARIABLE_SCOPE_BEGIN|[56]|input|Map<String,ANY>|true|false
10:17:52.0 (183005326)|VARIABLE_ASSIGNMENT|[56]|input|"Map of size 16 too large to display"|0x166845d
10:17:52.0 (183010397)|STATEMENT_EXECUTE|[57]
10:17:52.0 (183027159)|VARIABLE_SCOPE_BEGIN|[57]|output|Map<String,ANY>|true|false
10:17:52.0 (183036205)|VARIABLE_ASSIGNMENT|[57]|output|{"error":"OK"}|0x598e6b8f
10:17:52.0 (183040700)|STATEMENT_EXECUTE|[59]
10:17:52.0 (183041875)|STATEMENT_EXECUTE|[59]
10:17:52.0 (183043182)|STATEMENT_EXECUTE|[60]
10:17:52.0 (183059129)|HEAP_ALLOCATE|[60]|Bytes:5
10:17:52.0 (183065646)|HEAP_ALLOCATE|[EXTERNAL]|Bytes:-4
10:17:52.0 (183071236)|STATEMENT_EXECUTE|[61]
10:17:52.0 (183108962)|HEAP_ALLOCATE|[61]|Bytes:10
10:17:52.0 (183116239)|HEAP_ALLOCATE|[61]|Bytes:4
10:17:52.0 (183125622)|CONSTRUCTOR_ENTRY|[61]|01pEm000009eypt|<init>()|CallableLogger.CallableHandler
10:17:52.0 (183139631)|VARIABLE_SCOPE_BEGIN|[73]|this|CallableLogger.CallableHandler|true|false
10:17:52.0 (183171141)|VARIABLE_ASSIGNMENT|[73]|this|{}|0x43a88cd7
10:17:52.0 (183184395)|STATEMENT_EXECUTE|[73]
10:17:52.0 (183188498)|CONSTRUCTOR_EXIT|[61]|01pEm000009eypt|<init>()|CallableLogger.CallableHandler
10:17:52.0 (183205543)|METHOD_ENTRY|[61]|01pEm000009eypt|CallableLogger.CallableHandler.handleCall(String, Map<String,ANY>, Map<String,ANY>)
10:17:52.0 (183210746)|VARIABLE_SCOPE_BEGIN|[74]|this|CallableLogger.CallableHandler|true|false
10:17:52.0 (183220813)|VARIABLE_ASSIGNMENT|[74]|this|{}|0x43a88cd7
10:17:52.0 (183226057)|VARIABLE_SCOPE_BEGIN|[74]|action|String|false|false
10:17:52.0 (183234515)|VARIABLE_ASSIGNMENT|[74]|action|"newEntry"
10:17:52.0 (183238535)|VARIABLE_SCOPE_BEGIN|[74]|input|Map<String,ANY>|true|false
10:17:52.0 (183246765)|VARIABLE_ASSIGNMENT|[74]|input|"Map of size 16 too large to display"|0x166845d
10:17:52.0 (183251298)|VARIABLE_SCOPE_BEGIN|[74]|output|Map<String,ANY>|true|false
10:17:52.0 (183260100)|VARIABLE_ASSIGNMENT|[74]|output|{"error":"OK","isSuccess":true}|0x598e6b8f
10:17:52.0 (183266492)|STATEMENT_EXECUTE|[74]
10:17:52.0 (183269962)|HEAP_ALLOCATE|[75]|Bytes:8
10:17:52.0 (183290120)|STATEMENT_EXECUTE|[75]
10:17:52.0 (183291490)|STATEMENT_EXECUTE|[80]
10:17:52.0 (183293790)|HEAP_ALLOCATE|[82]|Bytes:16
10:17:52.0 (183328335)|HEAP_ALLOCATE|[85]|Bytes:25
10:17:52.0 (183344545)|HEAP_ALLOCATE|[88]|Bytes:25
10:17:52.0 (183358650)|HEAP_ALLOCATE|[92]|Bytes:11
10:17:52.0 (183372354)|HEAP_ALLOCATE|[95]|Bytes:11
10:17:52.0 (183387521)|HEAP_ALLOCATE|[98]|Bytes:11
10:17:52.0 (183402165)|HEAP_ALLOCATE|[102]|Bytes:8
10:17:52.0 (183417580)|STATEMENT_EXECUTE|[102]
10:17:52.0 (183439120)|STATEMENT_EXECUTE|[103]
10:17:52.0 (183440413)|STATEMENT_EXECUTE|[108]
10:17:52.0 (183448555)|METHOD_ENTRY|[108]|01pEm000009eypt|CallableLogger.CallableHandler.newEntry(Map<String,ANY>)
10:17:52.0 (193767654)|VARIABLE_SCOPE_BEGIN|[37]|LogEntryEventBuilder.CACHED_AUTH_SESSION_PROXY|LoggerSObjectProxy.AuthSession|true|true
10:17:52.0 (193907038)|VARIABLE_SCOPE_BEGIN|[47]|LogEntryEventBuilder.CACHED_DATA_MASK_RULES|Map<String,LogEntryDataMaskRule__mdt>|true|true
10:17:52.0 (193993116)|VARIABLE_SCOPE_BEGIN|[57]|LogEntryEventBuilder.CACHED_NETWORK_PROXY|LoggerSObjectProxy.Network|true|true
10:17:52.0 (194044994)|VARIABLE_SCOPE_BEGIN|[67]|LogEntryEventBuilder.CACHED_ORGANIZATION|Organization|true|true
10:17:52.0 (194056547)|VARIABLE_SCOPE_BEGIN|[15]|LogEntryEventBuilder.CACHED_SOBJECT_NAME_TO_CLASSIFICATION|Map<String,String>|true|true
10:17:52.0 (194244620)|VARIABLE_SCOPE_BEGIN|[77]|LogEntryEventBuilder.CACHED_TRANSACTION_LIMITS|LogEntryEventBuilder.TransactionLimits|true|true
10:17:52.0 (194281074)|VARIABLE_SCOPE_BEGIN|[87]|LogEntryEventBuilder.CACHED_USER|User|true|true
10:17:52.0 (194290582)|VARIABLE_SCOPE_BEGIN|[16]|LogEntryEventBuilder.CURRENT_USER|User|true|true
10:17:52.0 (194300520)|VARIABLE_SCOPE_BEGIN|[17]|LogEntryEventBuilder.HTTP_HEADER_FORMAT|String|false|true
10:17:52.0 (194310602)|VARIABLE_SCOPE_BEGIN|[97]|LogEntryEventBuilder.NAMESPACE_PREFIX|String|false|true
10:17:52.0 (194318847)|VARIABLE_SCOPE_BEGIN|[18]|LogEntryEventBuilder.NEW_LINE_DELIMITER|String|false|true
10:17:52.0 (194328353)|VARIABLE_SCOPE_BEGIN|[107]|LogEntryEventBuilder.SOBJECT_SUFFIX_TO_CLASSIFICATION|Map<String,String>|true|true
10:17:52.0 (194336423)|VARIABLE_SCOPE_BEGIN|[20]|LogEntryEventBuilder.cachedOrganizationEnvironmentType|String|false|true
10:17:52.0 (194345177)|VARIABLE_SCOPE_BEGIN|[23]|LogEntryEventBuilder.networkId|Id|false|true
10:17:52.0 (194374446)|VARIABLE_SCOPE_BEGIN|[131]|this|CallableLogger.CallableHandler|true|false
10:17:52.0 (194414075)|VARIABLE_ASSIGNMENT|[131]|this|{}|0x43a88cd7
10:17:52.0 (194421708)|VARIABLE_SCOPE_BEGIN|[131]|input|Map<String,ANY>|true|false
10:17:52.0 (194437418)|VARIABLE_ASSIGNMENT|[131]|input|"Map of size 16 too large to display"|0x166845d
10:17:52.0 (194449125)|STATEMENT_EXECUTE|[131]
10:17:52.0 (194450924)|STATEMENT_EXECUTE|[134]
10:17:52.0 (194542678)|HEAP_ALLOCATE|[134]|Bytes:4
10:17:52.0 (194552012)|VARIABLE_SCOPE_BEGIN|[134]|loggingLevelName|String|false|false
10:17:52.0 (194564551)|VARIABLE_ASSIGNMENT|[134]|loggingLevelName|"INFO"
10:17:52.0 (194568988)|STATEMENT_EXECUTE|[135]
10:17:52.0 (205800104)|VARIABLE_SCOPE_BEGIN|[42]|Logger.CLASSES_TO_IGNORE|List<String>|true|true
10:17:52.0 (205819601)|VARIABLE_SCOPE_BEGIN|[18]|Logger.CURRENT_VERSION_NUMBER|String|false|true
10:17:52.0 (205824779)|VARIABLE_SCOPE_BEGIN|[19]|Logger.FALLBACK_LOGGING_LEVEL|System.LoggingLevel|true|true
10:17:52.0 (205995927)|VARIABLE_SCOPE_BEGIN|[56]|Logger.LOGGING_CONTEXT|LogEntryEventBuilder.LoggingContext|true|true
10:17:52.0 (206024546)|VARIABLE_SCOPE_BEGIN|[20]|Logger.LOG_ENTRIES_BUFFER|List<LogEntryEventBuilder>|true|true
10:17:52.0 (206030043)|VARIABLE_SCOPE_BEGIN|[21]|Logger.MISSING_SCENARIO_ERROR_MESSAGE|String|false|true
10:17:52.0 (206035399)|VARIABLE_SCOPE_BEGIN|[73]|Logger.ORGANIZATION_API_VERSION|String|false|true
10:17:52.0 (206039581)|VARIABLE_SCOPE_BEGIN|[22]|Logger.ORGANIZATION_DOMAIN_URL|String|false|true
10:17:52.0 (206043828)|VARIABLE_SCOPE_BEGIN|[23]|Logger.REQUEST_ID|String|false|true
10:17:52.0 (206170652)|VARIABLE_SCOPE_BEGIN|[24]|Logger.SAVE_METHOD_NAME_TO_SAVE_METHOD|Map<String,Logger.SaveMethod>|true|true
10:17:52.0 (206178080)|VARIABLE_SCOPE_BEGIN|[25]|Logger.TRANSACTION_FIELD_TO_VALUE|Map<Schema.SObjectField,ANY>|true|true
10:17:52.0 (206183021)|VARIABLE_SCOPE_BEGIN|[26]|Logger.TRANSACTION_ID|String|false|true
10:17:52.0 (206188884)|VARIABLE_SCOPE_BEGIN|[89]|Logger.USER_SESSION_ID|String|false|true
10:17:52.0 (206423170)|VARIABLE_SCOPE_BEGIN|[28]|Logger.currentAsyncContext|Logger.AsyncContext|true|true
10:17:52.0 (206429701)|VARIABLE_SCOPE_BEGIN|[29]|Logger.currentEntryScenario|String|false|true
10:17:52.0 (206502461)|VARIABLE_SCOPE_BEGIN|[30]|Logger.currentUserSettings|LoggerSettings__c|true|true
10:17:52.0 (206507235)|VARIABLE_SCOPE_BEGIN|[32]|Logger.lastSaveMethodNameUsed|String|false|true
10:17:52.0 (206512324)|VARIABLE_SCOPE_BEGIN|[33]|Logger.orderedScenarios|List<String>|true|true
10:17:52.0 (206517506)|VARIABLE_SCOPE_BEGIN|[34]|Logger.parentLogTransactionId|String|false|true
10:17:52.0 (206522871)|VARIABLE_SCOPE_BEGIN|[36]|Logger.saveLogCallCount|Integer|false|true
10:17:52.0 (206528543)|VARIABLE_SCOPE_BEGIN|[37]|Logger.suspendSaving|Boolean|false|true
10:17:52.0 (206563462)|VARIABLE_SCOPE_BEGIN|[39]|Logger.transactionQuiddity|System.Quiddity|true|true
10:17:52.0 (206570543)|VARIABLE_SCOPE_BEGIN|[108]|Logger.transactionSaveMethodName|String|false|true
10:17:52.0 (206575029)|VARIABLE_SCOPE_BEGIN|[40]|Logger.transactionScenario|String|false|true
10:17:52.0 (206580501)|VARIABLE_SCOPE_BEGIN|[118]|Logger.userLoggingLevel|System.LoggingLevel|true|true
10:17:52.0 (206599676)|HEAP_ALLOCATE|[135]|Bytes:126
10:17:52.0 (206608713)|HEAP_ALLOCATE|[135]|Bytes:304
10:17:52.0 (206612289)|HEAP_ALLOCATE|[135]|Bytes:1719
10:17:52.0 (206615724)|HEAP_ALLOCATE|[135]|Bytes:30
10:17:52.0 (206620712)|HEAP_ALLOCATE|[135]|Bytes:7
10:17:52.0 (206637388)|VARIABLE_ASSIGNMENT|[135]|Logger.CURRENT_VERSION_NUMBER|"v4.15.8"
10:17:52.0 (206642183)|HEAP_ALLOCATE|[135]|Bytes:77
10:17:52.0 (206649989)|VARIABLE_ASSIGNMENT|[135]|Logger.MISSING_SCENARIO_ERROR_MESSAGE|"No logger scenario s (57 more) ..."
10:17:52.0 (206662463)|STATEMENT_EXECUTE|[15]
10:17:52.0 (206674705)|SYSTEM_MODE_ENTER|false
10:17:52.0 (206690760)|HEAP_ALLOCATE|[19]|Bytes:5
10:17:52.0 (206694704)|STATEMENT_EXECUTE|[19]
10:17:52.0 (206717050)|VARIABLE_ASSIGNMENT|[19]|Logger.FALLBACK_LOGGING_LEVEL|"DEBUG"|0x58909d6b
10:17:52.0 (206721915)|STATEMENT_EXECUTE|[20]
10:17:52.0 (206737034)|HEAP_ALLOCATE|[20]|Bytes:4
10:17:52.0 (206841052)|HEAP_ALLOCATE|[EXTERNAL]|Bytes:4
10:17:52.0 (206856616)|VARIABLE_ASSIGNMENT|[20]|Logger.LOG_ENTRIES_BUFFER|[]|0x52dcb028
10:17:52.0 (206861272)|STATEMENT_EXECUTE|[22]
10:17:52.0 (206889536)|HEAP_ALLOCATE|[22]|Bytes:67
10:17:52.0 (206904689)|SYSTEM_METHOD_ENTRY|[1]|Url.Url()
10:17:52.0 (206908504)|STATEMENT_EXECUTE|[1]
10:17:52.0 (206917488)|SYSTEM_METHOD_EXIT|[1]|Url
10:17:52.0 (206933404)|METHOD_ENTRY|[22]||System.Url.getOrgDomainUrl()
10:17:52.0 (207111374)|METHOD_EXIT|[22]||System.Url.getOrgDomainUrl()
10:17:52.0 (207130632)|METHOD_ENTRY|[22]||System.Url.toExternalForm()
10:17:52.0 (207187214)|METHOD_EXIT|[22]||System.Url.toExternalForm()
10:17:52.0 (207204138)|VARIABLE_ASSIGNMENT|[22]|Logger.ORGANIZATION_DOMAIN_URL|"https://tfb--majorde (28 more) ..."
10:17:52.0 (207208252)|STATEMENT_EXECUTE|[23]
10:17:52.0 (207235594)|VARIABLE_SCOPE_BEGIN|[17]|System.Request.instance|System.RequestImpl|true|true
10:17:52.0 (207246281)|HEAP_ALLOCATE|[23]|Bytes:2
10:17:52.0 (207267944)|SYSTEM_METHOD_ENTRY|[16]|Request.Request()
10:17:52.0 (207270677)|STATEMENT_EXECUTE|[16]
10:17:52.0 (207289108)|SYSTEM_METHOD_EXIT|[16]|Request
10:17:52.0 (207296363)|METHOD_ENTRY|[23]||System.Request.getCurrent()
10:17:52.0 (207473533)|METHOD_EXIT|[23]||System.Request.getCurrent()
10:17:52.0 (207485313)|METHOD_ENTRY|[23]||System.RequestImpl.getRequestId()
10:17:52.0 (207503515)|METHOD_EXIT|[23]||System.RequestImpl.getRequestId()
10:17:52.0 (207517303)|VARIABLE_ASSIGNMENT|[23]|Logger.REQUEST_ID|"SLB:452c140e525cc744 (16 more) ..."
10:17:52.0 (207521530)|STATEMENT_EXECUTE|[24]
10:17:52.0 (207536266)|HEAP_ALLOCATE|[24]|Bytes:4
10:17:52.0 (207577870)|VARIABLE_ASSIGNMENT|[24]|Logger.SAVE_METHOD_NAME_TO_SAVE_METHOD|{}|0x309e5196
10:17:52.0 (207582987)|STATEMENT_EXECUTE|[25]
10:17:52.0 (207589750)|HEAP_ALLOCATE|[25]|Bytes:4
10:17:52.0 (207599119)|VARIABLE_ASSIGNMENT|[25]|Logger.TRANSACTION_FIELD_TO_VALUE|{}|0x71c84ef4
10:17:52.0 (207603605)|STATEMENT_EXECUTE|[26]
10:17:52.0 (207628595)|HEAP_ALLOCATE|[26]|Bytes:15
10:17:52.0 (207634842)|SYSTEM_METHOD_ENTRY|[1]|UUID.UUID()
10:17:52.0 (207637140)|STATEMENT_EXECUTE|[1]
10:17:52.0 (207640632)|SYSTEM_METHOD_EXIT|[1]|UUID
10:17:52.0 (207646765)|METHOD_ENTRY|[26]||System.UUID.randomUUID()
10:17:52.0 (207836409)|METHOD_EXIT|[26]||System.UUID.randomUUID()
10:17:52.0 (207844881)|METHOD_ENTRY|[26]||System.UUID.toString()
10:17:52.0 (207861281)|METHOD_EXIT|[26]||System.UUID.toString()
10:17:52.0 (207872161)|VARIABLE_ASSIGNMENT|[26]|Logger.TRANSACTION_ID|"f81ee3bd-5c2a-4a31-a (16 more) ..."
10:17:52.0 (207875169)|STATEMENT_EXECUTE|[33]
10:17:52.0 (207883459)|HEAP_ALLOCATE|[33]|Bytes:4
10:17:52.0 (207914229)|HEAP_ALLOCATE|[EXTERNAL]|Bytes:4
10:17:52.0 (207922947)|VARIABLE_ASSIGNMENT|[33]|Logger.orderedScenarios|[]|0x403134c0
10:17:52.0 (207925856)|STATEMENT_EXECUTE|[36]
10:17:52.0 (207929700)|HEAP_ALLOCATE|[36]|Bytes:4
10:17:52.0 (207936534)|VARIABLE_ASSIGNMENT|[36]|Logger.saveLogCallCount|0
10:17:52.0 (207938684)|STATEMENT_EXECUTE|[37]
10:17:52.0 (207941449)|HEAP_ALLOCATE|[37]|Bytes:5
10:17:52.0 (207949646)|VARIABLE_ASSIGNMENT|[37]|Logger.suspendSaving|false
10:17:52.0 (207951952)|STATEMENT_EXECUTE|[39]
10:17:52.0 (207965130)|METHOD_ENTRY|[39]|01p6T0000041qVf|Logger.loadTransactionQuiddity()
10:17:52.0 (207978341)|HEAP_ALLOCATE|[3933]|Bytes:5
10:17:52.0 (207980827)|STATEMENT_EXECUTE|[3928]
10:17:52.0 (208382162)|HEAP_ALLOCATE|[91]|Bytes:5
10:17:52.0 (208386208)|STATEMENT_EXECUTE|[90]
10:17:52.0 (208389619)|STATEMENT_EXECUTE|[91]
10:17:52.0 (208390646)|STATEMENT_EXECUTE|[94]
10:17:52.0 (208391385)|STATEMENT_EXECUTE|[94]
10:17:52.0 (208392276)|STATEMENT_EXECUTE|[95]
10:17:52.0 (208398204)|METHOD_ENTRY|[95]||System.UserInfo.getSessionId()
10:17:52.0 (212945176)|METHOD_EXIT|[95]||System.UserInfo.getSessionId()
10:17:52.0 (212984200)|VARIABLE_ASSIGNMENT|[95]|Logger.USER_SESSION_ID|"00DEm00000BqGSL!AQEA (92 more) ..."
10:17:52.0 (212990565)|STATEMENT_EXECUTE|[101]
10:17:52.0 (213001988)|VARIABLE_ASSIGNMENT|[101]|Logger.USER_SESSION_ID|"00DEm00000BqGSL!AQEA (92 more) ..."
10:17:52.0 (213005316)|STATEMENT_EXECUTE|[103]
10:17:52.0 (213044387)|STATEMENT_EXECUTE|[3933]
10:17:52.0 (213045594)|STATEMENT_EXECUTE|[3934]
10:17:52.0 (213052411)|METHOD_ENTRY|[3934]||System.Request.getCurrent()
10:17:52.0 (213090301)|METHOD_EXIT|[3934]||System.Request.getCurrent()
10:17:52.0 (213103140)|METHOD_ENTRY|[3934]||System.RequestImpl.getQuiddity()
10:17:52.0 (213119916)|METHOD_EXIT|[3934]||System.RequestImpl.getQuiddity()
10:17:52.0 (213124149)|METHOD_EXIT|[39]|01p6T0000041qVf|Logger.loadTransactionQuiddity()
10:17:52.0 (213138816)|VARIABLE_ASSIGNMENT|[39]|Logger.transactionQuiddity|"AURA"|0xf6082d9
10:17:52.0 (213142251)|STATEMENT_EXECUTE|[128]
10:17:52.0 (213143256)|STATEMENT_EXECUTE|[131]
10:17:52.0 (213149430)|HEAP_ALLOCATE|[131]|Bytes:32
10:17:52.0 (213160445)|METHOD_ENTRY|[131]|01p6T0000041qVf|Logger.getVersionNumber()
10:17:52.0 (213172956)|HEAP_ALLOCATE|[155]|Bytes:5
10:17:52.0 (213175374)|STATEMENT_EXECUTE|[154]
10:17:52.0 (213176169)|STATEMENT_EXECUTE|[155]
10:17:52.0 (213179915)|METHOD_EXIT|[131]|01p6T0000041qVf|Logger.getVersionNumber()
10:17:52.0 (213187415)|HEAP_ALLOCATE|[131]|Bytes:39
10:17:52.0 (213210560)|USER_DEBUG|[131]|INFO|Nebula Logger - Version Number: v4.15.8
10:17:52.0 (213215290)|STATEMENT_EXECUTE|[132]
10:17:52.0 (213217805)|HEAP_ALLOCATE|[132]|Bytes:32
10:17:52.0 (213222615)|METHOD_ENTRY|[132]|01p6T0000041qVf|Logger.getTransactionId()
10:17:52.0 (213229885)|HEAP_ALLOCATE|[196]|Bytes:5
10:17:52.0 (213232025)|STATEMENT_EXECUTE|[195]
10:17:52.0 (213232835)|STATEMENT_EXECUTE|[196]
10:17:52.0 (213235622)|METHOD_EXIT|[132]|01p6T0000041qVf|Logger.getTransactionId()
10:17:52.0 (213238980)|HEAP_ALLOCATE|[132]|Bytes:68
10:17:52.0 (213244505)|USER_DEBUG|[132]|INFO|Nebula Logger - Transaction ID: f81ee3bd-5c2a-4a31-a516-24e480641d1b
10:17:52.0 (213248334)|STATEMENT_EXECUTE|[133]
10:17:52.0 (213250213)|HEAP_ALLOCATE|[133]|Bytes:28
10:17:52.0 (213254123)|HEAP_ALLOCATE|[133]|Bytes:64
10:17:52.0 (213266914)|USER_DEBUG|[133]|INFO|Nebula Logger - Request ID: SLB:452c140e525cc744655312b326e8cf2e
10:17:52.0 (213270860)|STATEMENT_EXECUTE|[134]
10:17:52.0 (213272199)|HEAP_ALLOCATE|[134]|Bytes:42
10:17:52.0 (213277478)|METHOD_ENTRY|[134]|01p6T0000041qVf|Logger.getOrganizationApiVersion()
10:17:52.0 (213284760)|HEAP_ALLOCATE|[175]|Bytes:5
10:17:52.0 (213286900)|STATEMENT_EXECUTE|[174]
10:17:52.0 (213287846)|STATEMENT_EXECUTE|[175]
10:17:52.0 (213297754)|HEAP_ALLOCATE|[75]|Bytes:5
10:17:52.0 (213300085)|STATEMENT_EXECUTE|[74]
10:17:52.0 (213302422)|STATEMENT_EXECUTE|[75]
10:17:52.0 (213303538)|STATEMENT_EXECUTE|[81]
10:17:52.0 (213350297)|HEAP_ALLOCATE|[81]|Bytes:4
10:17:52.0 (213423968)|METHOD_ENTRY|[81]||System.UserInfo.getUserId()
10:17:52.0 (213439346)|METHOD_EXIT|[81]||System.UserInfo.getUserId()
10:17:52.0 (213445970)|HEAP_ALLOCATE|[81]|Bytes:4
10:17:52.0 (214454301)|VARIABLE_ASSIGNMENT|[81]|this.Id|"0056T000009PyuaQAC"|0x243510bc
10:17:52.0 (214494081)|METHOD_ENTRY|[81]||System.JSON.serialize(Object)
10:17:52.0 (214607709)|METHOD_EXIT|[81]||System.JSON.serialize(Object)
10:17:52.0 (214612605)|VARIABLE_SCOPE_BEGIN|[81]|userJson|String|false|false
10:17:52.0 (214622862)|VARIABLE_ASSIGNMENT|[81]|userJson|"{\"attributes\":{\"type (98 more) ..."
10:17:52.0 (214625967)|STATEMENT_EXECUTE|[82]
10:17:52.0 (214628824)|HEAP_ALLOCATE|[82]|Bytes:6
10:17:52.0 (214669648)|HEAP_ALLOCATE|[82]|Bytes:67
10:17:52.0 (214676200)|HEAP_ALLOCATE|[82]|Bytes:14
10:17:52.0 (214682627)|HEAP_ALLOCATE|[82]|Bytes:5
10:17:52.0 (214695070)|VARIABLE_ASSIGNMENT|[82]|Logger.ORGANIZATION_API_VERSION|"v63.0"
10:17:52.0 (214698677)|STATEMENT_EXECUTE|[84]
10:17:52.0 (214707443)|METHOD_EXIT|[134]|01p6T0000041qVf|Logger.getOrganizationApiVersion()
10:17:52.0 (214713522)|HEAP_ALLOCATE|[134]|Bytes:47
10:17:52.0 (214728869)|USER_DEBUG|[134]|INFO|Nebula Logger - Organization API Version: v63.0
10:17:52.0 (214733559)|STATEMENT_EXECUTE|[135]
10:17:52.0 (214739486)|METHOD_ENTRY|[135]|01p6T0000041qVf|Logger.getUserSettings()
10:17:52.0 (214758428)|HEAP_ALLOCATE|[396]|Bytes:5
10:17:52.0 (214761277)|STATEMENT_EXECUTE|[394]
10:17:52.0 (214763501)|STATEMENT_EXECUTE|[396]
10:17:52.0 (214764557)|STATEMENT_EXECUTE|[397]
10:17:52.0 (214778025)|HEAP_ALLOCATE|[397]|Bytes:4
10:17:52.0 (214786997)|METHOD_ENTRY|[397]||System.UserInfo.getUserId()
10:17:52.0 (214798224)|METHOD_EXIT|[397]||System.UserInfo.getUserId()
10:17:52.0 (214804016)|HEAP_ALLOCATE|[397]|Bytes:4
10:17:52.0 (214825311)|VARIABLE_ASSIGNMENT|[397]|this.Id|"0056T000009PyuaQAC"|0x77ddc0e9
10:17:52.0 (214832132)|METHOD_ENTRY|[397]||System.UserInfo.getProfileId()
10:17:52.0 (214852128)|METHOD_EXIT|[397]||System.UserInfo.getProfileId()
10:17:52.0 (214854938)|HEAP_ALLOCATE|[397]|Bytes:4
10:17:52.0 (214901327)|VARIABLE_ASSIGNMENT|[397]|this.ProfileId|"00e5f000001OM23AAG"|0x77ddc0e9
10:17:52.0 (214913318)|VARIABLE_SCOPE_BEGIN|[397]|currentUser|User|true|false
10:17:52.0 (214931104)|VARIABLE_ASSIGNMENT|[397]|currentUser|{"Id":"0056T000009PyuaQAC","ProfileId":"00e5f000001OM23AAG"}|0x77ddc0e9
10:17:52.0 (214934724)|STATEMENT_EXECUTE|[398]
10:17:52.0 (214941260)|METHOD_ENTRY|[398]|01p6T0000041qVf|Logger.getUserSettings(User)
10:17:52.0 (214950151)|VARIABLE_SCOPE_BEGIN|[409]|loggingUser|User|true|false
10:17:52.0 (214956196)|VARIABLE_ASSIGNMENT|[409]|loggingUser|{"Id":"0056T000009PyuaQAC","ProfileId":"00e5f000001OM23AAG"}|0x77ddc0e9
10:17:52.0 (214962599)|HEAP_ALLOCATE|[416]|Bytes:5
10:17:52.0 (214965191)|STATEMENT_EXECUTE|[409]
10:17:52.0 (214966338)|STATEMENT_EXECUTE|[416]
10:17:52.0 (214968616)|VARIABLE_SCOPE_BEGIN|[416]|loggingUserSettings|LoggerSettings__c|true|false
10:17:52.0 (214974263)|VARIABLE_ASSIGNMENT|[416]|loggingUserSettings|null|
10:17:52.0 (214999691)|HEAP_ALLOCATE|[418]|Bytes:18
10:17:52.0 (221775669)|STATEMENT_EXECUTE|[418]
10:17:52.0 (221838167)|HEAP_ALLOCATE|[426]|Bytes:18
10:17:52.0 (222757627)|STATEMENT_EXECUTE|[426]
10:17:52.0 (223585184)|HEAP_ALLOCATE|[434]|Bytes:92
10:17:52.0 (223660064)|STATEMENT_EXECUTE|[434]
10:17:52.0 (223661381)|STATEMENT_EXECUTE|[435]
10:17:52.0 (223842226)|HEAP_ALLOCATE|[435]|Bytes:92
10:17:52.0 (223851621)|VARIABLE_SCOPE_BEGIN|[435]|orgDefaults|LoggerSettings__c|true|false
10:17:52.0 (223906220)|VARIABLE_ASSIGNMENT|[435]|orgDefaults|{"Id":"aEo6T000000oMvTSAU","IsDeleted":false,"Name":"Logger Settings (Org (10 more) ...","SetupOwnerId":"00DEm00000BqGSLMA3","CreatedDate":"2024-03-26T14:20:01.000Z","CreatedById":"0055f000008b6XBAAY","LastModifiedDate":"2024-03-26T14:20:01.000Z","LastModifiedById":"0055f000008b6XBAAY","SystemModstamp":"2024-03-26T14:20:01.000Z","DefaultLogPurgeAction__c":"Delete","DefaultLogShareAccessLevel__c":"Read","DefaultNumberOfDaysToRetainLogs__c":14.0,"DefaultPlatformEventStorageLocation__c":"CUSTOM_OBJECTS","DefaultSaveMethod__c":"EVENT_BUS","IsAnonymousModeEnabled__c":false,"IsApexSystemDebugLoggingEnabled__c":true,"IsDataMaskingEnabled__c":true,"IsEnabled__c":true,"IsJavaScriptConsoleLoggingEnabled__c":true,"IsRecordFieldStrippingEnabled__c":false,"IsSavingEnabled__c":true,"LoggingLevel__c":"ERROR"}|0x607037a2
10:17:52.0 (223932605)|METHOD_ENTRY|[436]|01p6T0000041qVf|Logger.hasValidStartAndEndTimes(LoggerSettings__c)
10:17:52.0 (223947343)|VARIABLE_SCOPE_BEGIN|[3921]|settings|LoggerSettings__c|true|false
10:17:52.0 (223971073)|VARIABLE_ASSIGNMENT|[3921]|settings|{"Id":"aEo6T000000oMvTSAU","IsDeleted":false,"Name":"Logger Settings (Org (10 more) ...","SetupOwnerId":"00DEm00000BqGSLMA3","CreatedDate":"2024-03-26T14:20:01.000Z","CreatedById":"0055f000008b6XBAAY","LastModifiedDate":"2024-03-26T14:20:01.000Z","LastModifiedById":"0055f000008b6XBAAY","SystemModstamp":"2024-03-26T14:20:01.000Z","DefaultLogPurgeAction__c":"Delete","DefaultLogShareAccessLevel__c":"Read","DefaultNumberOfDaysToRetainLogs__c":14.0,"DefaultPlatformEventStorageLocation__c":"CUSTOM_OBJECTS","DefaultSaveMethod__c":"EVENT_BUS","IsAnonymousModeEnabled__c":false,"IsApexSystemDebugLoggingEnabled__c":true,"IsDataMaskingEnabled__c":true,"IsEnabled__c":true,"IsJavaScriptConsoleLoggingEnabled__c":true,"IsRecordFieldStrippingEnabled__c":false,"IsSavingEnabled__c":true,"LoggingLevel__c":"ERROR"}|0x607037a2
10:17:52.0 (223992355)|HEAP_ALLOCATE|[3922]|Bytes:5
10:17:52.0 (223995295)|STATEMENT_EXECUTE|[3921]
10:17:52.0 (223996287)|STATEMENT_EXECUTE|[3922]
10:17:52.0 (224045313)|HEAP_ALLOCATE|[3922]|Bytes:56
10:17:52.0 (224061059)|VARIABLE_SCOPE_BEGIN|[3922]|nowish|Datetime|false|false
10:17:52.0 (224073997)|VARIABLE_ASSIGNMENT|[3922]|nowish|"2025-04-02T17:17:52.673Z"
10:17:52.0 (224076907)|STATEMENT_EXECUTE|[3923]
10:17:52.0 (224081694)|VARIABLE_SCOPE_BEGIN|[3923]|isStartTimeValid|Boolean|false|false
10:17:52.0 (224085911)|HEAP_ALLOCATE|[3923]|Bytes:5
10:17:52.0 (224089459)|VARIABLE_ASSIGNMENT|[3923]|isStartTimeValid|true
10:17:52.0 (224091654)|STATEMENT_EXECUTE|[3924]
10:17:52.0 (224094473)|VARIABLE_SCOPE_BEGIN|[3924]|isEndTimeValid|Boolean|false|false
10:17:52.0 (224098522)|HEAP_ALLOCATE|[3924]|Bytes:5
10:17:52.0 (224101211)|VARIABLE_ASSIGNMENT|[3924]|isEndTimeValid|true
10:17:52.0 (224103633)|STATEMENT_EXECUTE|[3925]
10:17:52.0 (224105777)|HEAP_ALLOCATE|[3925]|Bytes:5
10:17:52.0 (224112469)|METHOD_EXIT|[436]|01p6T0000041qVf|Logger.hasValidStartAndEndTimes(LoggerSettings__c)
10:17:52.0 (224115568)|STATEMENT_EXECUTE|[436]
10:17:52.0 (224116594)|STATEMENT_EXECUTE|[437]
10:17:52.0 (224136009)|VARIABLE_ASSIGNMENT|[437]|loggingUserSettings|{"Id":"aEo6T000000oMvTSAU","IsDeleted":false,"Name":"Logger Settings (Org (10 more) ...","SetupOwnerId":"00DEm00000BqGSLMA3","CreatedDate":"2024-03-26T14:20:01.000Z","CreatedById":"0055f000008b6XBAAY","LastModifiedDate":"2024-03-26T14:20:01.000Z","LastModifiedById":"0055f000008b6XBAAY","SystemModstamp":"2024-03-26T14:20:01.000Z","DefaultLogPurgeAction__c":"Delete","DefaultLogShareAccessLevel__c":"Read","DefaultNumberOfDaysToRetainLogs__c":14.0,"DefaultPlatformEventStorageLocation__c":"CUSTOM_OBJECTS","DefaultSaveMethod__c":"EVENT_BUS","IsAnonymousModeEnabled__c":false,"IsApexSystemDebugLoggingEnabled__c":true,"IsDataMaskingEnabled__c":true,"IsEnabled__c":true,"IsJavaScriptConsoleLoggingEnabled__c":true,"IsRecordFieldStrippingEnabled__c":false,"IsSavingEnabled__c":true,"LoggingLevel__c":"ERROR"}|0x607037a2
10:17:52.0 (224146517)|STATEMENT_EXECUTE|[442]
10:17:52.0 (224233140)|STATEMENT_EXECUTE|[449]
10:17:52.0 (224234517)|STATEMENT_EXECUTE|[450]
10:17:52.0 (224278979)|VARIABLE_ASSIGNMENT|[450]|this.Id|null|0x607037a2
10:17:52.0 (224282909)|STATEMENT_EXECUTE|[451]
10:17:52.0 (224397539)|VARIABLE_ASSIGNMENT|[451]|this.SetupOwnerId|"0056T000009PyuaQAC"|0x607037a2
10:17:52.0 (224401492)|STATEMENT_EXECUTE|[454]
10:17:52.0 (224407628)|METHOD_EXIT|[398]|01p6T0000041qVf|Logger.getUserSettings(User)
10:17:52.0 (224444009)|VARIABLE_ASSIGNMENT|[398]|Logger.currentUserSettings|{"IsDeleted":false,"Name":"Logger Settings (Org (10 more) ...","SetupOwnerId":"0056T000009PyuaQAC","CreatedDate":"2024-03-26T14:20:01.000Z","CreatedById":"0055f000008b6XBAAY","LastModifiedDate":"2024-03-26T14:20:01.000Z","LastModifiedById":"0055f000008b6XBAAY","SystemModstamp":"2024-03-26T14:20:01.000Z","DefaultLogPurgeAction__c":"Delete","DefaultLogShareAccessLevel__c":"Read","DefaultNumberOfDaysToRetainLogs__c":14.0,"DefaultPlatformEventStorageLocation__c":"CUSTOM_OBJECTS","DefaultSaveMethod__c":"EVENT_BUS","IsAnonymousModeEnabled__c":false,"IsApexSystemDebugLoggingEnabled__c":true,"IsDataMaskingEnabled__c":true,"IsEnabled__c":true,"IsJavaScriptConsoleLoggingEnabled__c":true,"IsRecordFieldStrippingEnabled__c":false,"IsSavingEnabled__c":true,"LoggingLevel__c":"ERROR"}|0x607037a2
10:17:52.0 (224453251)|STATEMENT_EXECUTE|[400]
10:17:52.0 (224459310)|METHOD_EXIT|[135]|01p6T0000041qVf|Logger.getUserSettings()
10:17:52.0 (224472743)|METHOD_ENTRY|[135]|01p6T0000041qVf|Logger.setScenario(String)
10:17:52.0 (224516736)|VARIABLE_SCOPE_BEGIN|[3564]|scenario|String|false|false
10:17:52.0 (224522526)|VARIABLE_ASSIGNMENT|[3564]|scenario|null
10:17:52.0 (224532025)|HEAP_ALLOCATE|[3565]|Bytes:5
10:17:52.0 (224535132)|STATEMENT_EXECUTE|[3564]
10:17:52.0 (224870094)|VARIABLE_SCOPE_BEGIN|[18]|LoggerParameter.CALL_STATUS_API|Boolean|false|true
10:17:52.0 (224878369)|VARIABLE_SCOPE_BEGIN|[34]|LoggerParameter.DEFAULT_LOG_ENTRY_RELATED_LIST_FIELD_SET|String|false|true
10:17:52.0 (224967859)|VARIABLE_SCOPE_BEGIN|[546]|LoggerParameter.DEVELOPER_NAME_TO_RECORD|Map<String,LoggerParameter__mdt>|true|true
10:17:52.0 (224973984)|VARIABLE_SCOPE_BEGIN|[52]|LoggerParameter.ENABLE_LOG_ENTRY_EVENT_STREAM|Boolean|false|true
10:17:52.0 (224978840)|VARIABLE_SCOPE_BEGIN|[67]|LoggerParameter.ENABLE_STACK_TRACE_PARSING|Boolean|false|true
10:17:52.0 (224983497)|VARIABLE_SCOPE_BEGIN|[81]|LoggerParameter.ENABLE_SYSTEM_MESSAGES|Boolean|false|true
10:17:52.0 (224988089)|VARIABLE_SCOPE_BEGIN|[95]|LoggerParameter.ENABLE_TAGGING|Boolean|false|true
10:17:52.0 (224992556)|VARIABLE_SCOPE_BEGIN|[110]|LoggerParameter.NORMALIZE_SCENARIO_DATA|Boolean|false|true
10:17:52.0 (224996991)|VARIABLE_SCOPE_BEGIN|[125]|LoggerParameter.NORMALIZE_TAG_DATA|Boolean|false|true
10:17:52.0 (225001678)|VARIABLE_SCOPE_BEGIN|[139]|LoggerParameter.PLATFORM_CACHE_PARTITION_NAME|String|false|true
10:17:52.0 (225007020)|VARIABLE_SCOPE_BEGIN|[154]|LoggerParameter.QUERY_APEX_CLASS_DATA|Boolean|false|true
10:17:52.0 (225011659)|VARIABLE_SCOPE_BEGIN|[169]|LoggerParameter.QUERY_APEX_TRIGGER_DATA|Boolean|false|true
10:17:52.0 (225016159)|VARIABLE_SCOPE_BEGIN|[184]|LoggerParameter.QUERY_AUTH_SESSION_DATA|Boolean|false|true
10:17:52.0 (225020443)|VARIABLE_SCOPE_BEGIN|[200]|LoggerParameter.QUERY_AUTH_SESSION_DATA_SYNCHRONOUSLY|Boolean|false|true
10:17:52.0 (225024959)|VARIABLE_SCOPE_BEGIN|[215]|LoggerParameter.QUERY_FLOW_DEFINITION_VIEW_DATA|Boolean|false|true
10:17:52.0 (225029489)|VARIABLE_SCOPE_BEGIN|[245]|LoggerParameter.QUERY_NETWORK_DATA|Boolean|false|true
10:17:52.0 (225033699)|VARIABLE_SCOPE_BEGIN|[261]|LoggerParameter.QUERY_NETWORK_DATA_SYNCHRONOUSLY|Boolean|false|true
10:17:52.0 (225038273)|VARIABLE_SCOPE_BEGIN|[230]|LoggerParameter.QUERY_OMNI_PROCESS_DATA|Boolean|false|true
10:17:52.0 (225042694)|VARIABLE_SCOPE_BEGIN|[276]|LoggerParameter.QUERY_ORGANIZATION_DATA|Boolean|false|true
10:17:52.0 (225047290)|VARIABLE_SCOPE_BEGIN|[292]|LoggerParameter.QUERY_ORGANIZATION_DATA_SYNCHRONOUSLY|Boolean|false|true
10:17:52.0 (225051695)|VARIABLE_SCOPE_BEGIN|[307]|LoggerParameter.QUERY_RELATED_RECORD_DATA|Boolean|false|true
10:17:52.0 (225056214)|VARIABLE_SCOPE_BEGIN|[322]|LoggerParameter.QUERY_USER_DATA|Boolean|false|true
10:17:52.0 (225060659)|VARIABLE_SCOPE_BEGIN|[338]|LoggerParameter.QUERY_USER_DATA_SYNCHRONOUSLY|Boolean|false|true
10:17:52.0 (225065066)|VARIABLE_SCOPE_BEGIN|[355]|LoggerParameter.REQUIRE_SCENARIO_USAGE|Boolean|false|true
10:17:52.0 (225069539)|VARIABLE_SCOPE_BEGIN|[372]|LoggerParameter.SEND_ERROR_EMAIL_NOTIFICATIONS|Boolean|false|true
10:17:52.0 (225074054)|VARIABLE_SCOPE_BEGIN|[387]|LoggerParameter.STORE_HEAP_SIZE_LIMIT|Boolean|false|true
10:17:52.0 (225078561)|VARIABLE_SCOPE_BEGIN|[403]|LoggerParameter.STORE_HTTP_REQUEST_HEADER_VALUES|Boolean|false|true
10:17:52.0 (225083154)|VARIABLE_SCOPE_BEGIN|[419]|LoggerParameter.STORE_HTTP_RESPONSE_HEADER_VALUES|Boolean|false|true
10:17:52.0 (225087586)|VARIABLE_SCOPE_BEGIN|[433]|LoggerParameter.STORE_ORGANIZATION_LIMITS|Boolean|false|true
10:17:52.0 (225092479)|VARIABLE_SCOPE_BEGIN|[449]|LoggerParameter.STORE_REST_REQUEST_HEADER_VALUES|Boolean|false|true
10:17:52.0 (225097017)|VARIABLE_SCOPE_BEGIN|[465]|LoggerParameter.STORE_REST_RESPONSE_HEADER_VALUES|Boolean|false|true
10:17:52.0 (225101776)|VARIABLE_SCOPE_BEGIN|[479]|LoggerParameter.STORE_TRANSACTION_LIMITS|Boolean|false|true
10:17:52.0 (225106439)|VARIABLE_SCOPE_BEGIN|[493]|LoggerParameter.SYSTEM_DEBUG_MESSAGE_FORMAT|String|false|true
10:17:52.0 (225111237)|VARIABLE_SCOPE_BEGIN|[507]|LoggerParameter.USE_FIRST_SCENARIO_FOR_TRANSACTION|Boolean|false|true
10:17:52.0 (225115786)|VARIABLE_SCOPE_BEGIN|[521]|LoggerParameter.USE_PLATFORM_CACHE|Boolean|false|true
10:17:52.0 (225120537)|VARIABLE_SCOPE_BEGIN|[536]|LoggerParameter.USE_TOPICS_FOR_TAGS|Boolean|false|true
10:17:52.0 (225132652)|HEAP_ALLOCATE|[3565]|Bytes:1012
10:17:52.0 (225137671)|HEAP_ALLOCATE|[3565]|Bytes:233
10:17:52.0 (225155047)|METHOD_ENTRY|[12]|01p6T0000041qVu|LoggerParameter.LoggerParameter()
10:17:52.0 (225157967)|STATEMENT_EXECUTE|[12]
10:17:52.0 (225160312)|STATEMENT_EXECUTE|[12]
10:17:52.0 (225165257)|METHOD_EXIT|[12]|LoggerParameter
10:17:52.0 (225188630)|STATEMENT_EXECUTE|[508]
10:17:52.0 (225191568)|STATEMENT_EXECUTE|[509]
10:17:52.0 (225192590)|STATEMENT_EXECUTE|[510]
10:17:52.0 (225195680)|HEAP_ALLOCATE|[510]|Bytes:25
10:17:52.0 (225206968)|METHOD_ENTRY|[510]|01p6T0000041qVu|LoggerParameter.getBoolean(String, Boolean)
10:17:52.0 (225268123)|VARIABLE_SCOPE_BEGIN|[563]|parameterDeveloperName|String|false|false
10:17:52.0 (225277060)|VARIABLE_ASSIGNMENT|[563]|parameterDeveloperName|"UseFirstSpecifiedSce (5 more) ..."
10:17:52.0 (225282188)|VARIABLE_SCOPE_BEGIN|[563]|defaultValue|Boolean|false|false
10:17:52.0 (225287783)|VARIABLE_ASSIGNMENT|[563]|defaultValue|true
10:17:52.0 (225291175)|STATEMENT_EXECUTE|[563]
10:17:52.0 (225292314)|STATEMENT_EXECUTE|[564]
10:17:52.0 (225294193)|HEAP_ALLOCATE|[564]|Bytes:17
10:17:52.0 (225359735)|HEAP_ALLOCATE|[564]|Bytes:8
10:17:52.0 (225365510)|HEAP_ALLOCATE|[564]|Bytes:8
10:17:52.0 (225368548)|VARIABLE_SCOPE_BEGIN|[4]|this|System.Type|true|false
10:17:52.0 (225389698)|VARIABLE_ASSIGNMENT|[4]|this|{}|0x2e968392
10:17:52.0 (225393089)|VARIABLE_SCOPE_BEGIN|[4]|apextype|java:common.apex.runtime.ApexObjectType|true|false
10:17:52.0 (225481239)|VARIABLE_ASSIGNMENT|[4]|apextype|"Boolean"|0x4d50faf4
10:17:52.0 (225511193)|HEAP_ALLOCATE|[564]|Bytes:8
10:17:52.0 (225519827)|METHOD_ENTRY|[564]|01p6T0000041qVu|LoggerParameter.castParameterValue(String, System.Type)
10:17:52.0 (225535517)|VARIABLE_SCOPE_BEGIN|[826]|parameterDeveloperName|String|false|false
10:17:52.0 (225541399)|VARIABLE_ASSIGNMENT|[826]|parameterDeveloperName|"UseFirstSpecifiedSce (5 more) ..."
10:17:52.0 (225544066)|VARIABLE_SCOPE_BEGIN|[826]|dataType|System.Type|true|false
10:17:52.0 (225555512)|VARIABLE_ASSIGNMENT|[826]|dataType|{"aot":"0x4d50faf4"}|0x2e968392
10:17:52.0 (225559247)|STATEMENT_EXECUTE|[826]
10:17:52.0 (225560430)|STATEMENT_EXECUTE|[827]
10:17:52.0 (225564592)|METHOD_ENTRY|[827]|01p6T0000041qVu|LoggerParameter.loadParameterValue(String)
10:17:52.0 (225569920)|VARIABLE_SCOPE_BEGIN|[835]|parameterDeveloperName|String|false|false
10:17:52.0 (225575157)|VARIABLE_ASSIGNMENT|[835]|parameterDeveloperName|"UseFirstSpecifiedSce (5 more) ..."
10:17:52.0 (225577809)|STATEMENT_EXECUTE|[835]
10:17:52.0 (225578845)|STATEMENT_EXECUTE|[836]
10:17:52.0 (225587232)|STATEMENT_EXECUTE|[547]
10:17:52.0 (225590211)|STATEMENT_EXECUTE|[548]
10:17:52.0 (225591035)|STATEMENT_EXECUTE|[549]
10:17:52.0 (225676862)|VARIABLE_SCOPE_BEGIN|[63]|LoggerConfigurationSelector.INSTANCE|LoggerConfigurationSelector|true|true
10:17:52.0 (225701271)|VARIABLE_SCOPE_BEGIN|[66]|LoggerConfigurationSelector.mockLogEntryDataMaskRules|List<LogEntryDataMaskRule__mdt>|true|true
10:17:52.0 (225745783)|VARIABLE_SCOPE_BEGIN|[68]|LoggerConfigurationSelector.mockLogEntryTagRules|List<LogEntryTagRule__mdt>|true|true
10:17:52.0 (225769620)|VARIABLE_SCOPE_BEGIN|[80]|LoggerConfigurationSelector.mockLogStatuses|List<LogStatus__mdt>|true|true
10:17:52.0 (225788291)|VARIABLE_SCOPE_BEGIN|[70]|LoggerConfigurationSelector.mockLoggerFieldMappings|List<LoggerFieldMapping__mdt>|true|true
10:17:52.0 (225793182)|VARIABLE_SCOPE_BEGIN|[72]|LoggerConfigurationSelector.mockLoggerParameters|Map<String,LoggerParameter__mdt>|true|true
10:17:52.0 (225816688)|VARIABLE_SCOPE_BEGIN|[74]|LoggerConfigurationSelector.mockLoggerPlugins|List<LoggerPlugin__mdt>|true|true
10:17:52.0 (225831758)|VARIABLE_SCOPE_BEGIN|[78]|LoggerConfigurationSelector.mockLoggerSObjectHandlers|List<LoggerSObjectHandler__mdt>|true|true
10:17:52.0 (225846552)|VARIABLE_SCOPE_BEGIN|[76]|LoggerConfigurationSelector.mockLoggerScenarioRules|List<LoggerScenarioRule__mdt>|true|true
10:17:52.0 (225854430)|HEAP_ALLOCATE|[549]|Bytes:40
10:17:52.0 (225864923)|METHOD_ENTRY|[62]|01pEm000009eypx|LoggerConfigurationSelector.LoggerConfigurationSelector()
10:17:52.0 (225867561)|STATEMENT_EXECUTE|[62]
10:17:52.0 (225869558)|STATEMENT_EXECUTE|[62]
10:17:52.0 (225873272)|SYSTEM_MODE_ENTER|true
10:17:52.0 (225877091)|HEAP_ALLOCATE|[63]|Bytes:5
10:17:52.0 (225880271)|STATEMENT_EXECUTE|[63]
10:17:52.0 (225883866)|HEAP_ALLOCATE|[63]|Bytes:4
10:17:52.0 (225892406)|CONSTRUCTOR_ENTRY|[63]|01pEm000009eypx|<init>()|LoggerConfigurationSelector
10:17:52.0 (225904622)|VARIABLE_SCOPE_BEGIN|[84]|this|LoggerConfigurationSelector|true|false
10:17:52.0 (225916973)|VARIABLE_ASSIGNMENT|[84]|this|{}|0x32675473
10:17:52.0 (225922444)|HEAP_ALLOCATE|[549]|Bytes:5
10:17:52.0 (225924526)|STATEMENT_EXECUTE|[62]
10:17:52.0 (225926227)|HEAP_ALLOCATE|[549]|Bytes:5
10:17:52.0 (225937648)|STATEMENT_EXECUTE|[84]
10:17:52.0 (225941616)|CONSTRUCTOR_EXIT|[63]|01pEm000009eypx|<init>()|LoggerConfigurationSelector
10:17:52.0 (225951076)|VARIABLE_ASSIGNMENT|[63]|LoggerConfigurationSelector.INSTANCE|{}|0x32675473
10:17:52.0 (225956148)|SYSTEM_MODE_EXIT|true
10:17:52.0 (225960919)|METHOD_EXIT|[62]|LoggerConfigurationSelector
10:17:52.0 (225967950)|METHOD_ENTRY|[549]|01pEm000009eypx|LoggerConfigurationSelector.getInstance()
10:17:52.0 (225976631)|SYSTEM_MODE_ENTER|true
10:17:52.0 (225978870)|HEAP_ALLOCATE|[92]|Bytes:5
10:17:52.0 (225980870)|STATEMENT_EXECUTE|[91]
10:17:52.0 (225981895)|STATEMENT_EXECUTE|[92]
10:17:52.0 (225983839)|SYSTEM_MODE_EXIT|true
10:17:52.0 (225988092)|METHOD_EXIT|[549]|01pEm000009eypx|LoggerConfigurationSelector.getInstance()
10:17:52.0 (226000154)|METHOD_ENTRY|[549]|01pEm000009eypx|LoggerConfigurationSelector.getLoggerParameters()
10:17:52.0 (226004160)|VARIABLE_SCOPE_BEGIN|[161]|this|LoggerConfigurationSelector|true|false
10:17:52.0 (226010733)|VARIABLE_ASSIGNMENT|[161]|this|{}|0x32675473
10:17:52.0 (226014730)|SYSTEM_MODE_ENTER|true
10:17:52.0 (226016843)|HEAP_ALLOCATE|[162]|Bytes:5
10:17:52.0 (226018817)|STATEMENT_EXECUTE|[161]
10:17:52.0 (226019684)|STATEMENT_EXECUTE|[162]
10:17:52.0 (227683769)|HEAP_ALLOCATE|[162]|Bytes:148
10:17:52.0 (227919172)|HEAP_ALLOCATE|[EXTERNAL]|Bytes:27660
10:17:52.0 (227936983)|HEAP_ALLOCATE|[162]|Bytes:981
10:17:52.0 (227945692)|SYSTEM_MODE_EXIT|true
10:17:52.0 (227955930)|METHOD_EXIT|[549]|01pEm000009eypx|LoggerConfigurationSelector.getLoggerParameters()
10:17:52.0 (227975364)|VARIABLE_ASSIGNMENT|[549]|LoggerParameter.DEVELOPER_NAME_TO_RECORD|"Map of size 36 too large to display"|0x5dc52c6a
10:17:52.0 (227980101)|STATEMENT_EXECUTE|[551]
10:17:52.0 (228041536)|METHOD_EXIT|[827]|01p6T0000041qVu|LoggerParameter.loadParameterValue(String)
10:17:52.0 (228047045)|VARIABLE_SCOPE_BEGIN|[827]|parameterValue|String|false|false
10:17:52.0 (228055230)|VARIABLE_ASSIGNMENT|[827]|parameterValue|"true"
10:17:52.0 (228058172)|STATEMENT_EXECUTE|[830]
10:17:52.0 (228059274)|STATEMENT_EXECUTE|[831]
10:17:52.0 (228068964)|METHOD_ENTRY|[831]||System.JSON.deserialize(String, System.Type)
10:17:52.0 (228152520)|METHOD_EXIT|[831]||System.JSON.deserialize(String, System.Type)
10:17:52.0 (228156075)|METHOD_EXIT|[564]|01p6T0000041qVu|LoggerParameter.castParameterValue(String, System.Type)
10:17:52.0 (228164383)|HEAP_ALLOCATE|[564]|Bytes:5
10:17:52.0 (228169561)|VARIABLE_SCOPE_BEGIN|[564]|parameterValue|Boolean|false|false
10:17:52.0 (228173552)|HEAP_ALLOCATE|[564]|Bytes:5
10:17:52.0 (228177202)|VARIABLE_ASSIGNMENT|[564]|parameterValue|true
10:17:52.0 (228179525)|STATEMENT_EXECUTE|[565]
10:17:52.0 (228181984)|METHOD_EXIT|[510]|01p6T0000041qVu|LoggerParameter.getBoolean(String, Boolean)
10:17:52.0 (228186011)|HEAP_ALLOCATE|[510]|Bytes:5
10:17:52.0 (228192866)|VARIABLE_ASSIGNMENT|[510]|LoggerParameter.USE_FIRST_SCENARIO_FOR_TRANSACTION|true
10:17:52.0 (228195739)|STATEMENT_EXECUTE|[512]
10:17:52.0 (228222539)|STATEMENT_EXECUTE|[3565]
10:17:52.0 (228223857)|STATEMENT_EXECUTE|[3566]
10:17:52.0 (228232162)|VARIABLE_ASSIGNMENT|[3566]|Logger.transactionScenario|null
10:17:52.0 (228255607)|STATEMENT_EXECUTE|[3569]
10:17:52.0 (228265252)|STATEMENT_EXECUTE|[3574]
10:17:52.0 (228266367)|STATEMENT_EXECUTE|[3578]
10:17:52.0 (228270473)|VARIABLE_ASSIGNMENT|[3578]|Logger.currentEntryScenario|null
10:17:52.0 (228273069)|STATEMENT_EXECUTE|[3579]
10:17:52.0 (228297514)|HEAP_ALLOCATE|[EXTERNAL]|Bytes:4
10:17:52.0 (228311061)|STATEMENT_EXECUTE|[3582]
10:17:52.0 (228311959)|STATEMENT_EXECUTE|[3585]
10:17:52.0 (230887278)|VARIABLE_SCOPE_BEGIN|[12]|LoggerScenarioRule.SCENARIO_NAME_TO_SCENARIO_RULE|Map<String,LoggerScenarioRule__mdt>|true|true
10:17:52.0 (230907957)|HEAP_ALLOCATE|[3585]|Bytes:14
10:17:52.0 (230925997)|METHOD_ENTRY|[11]|01p6T0000041qW6|LoggerScenarioRule.LoggerScenarioRule()
10:17:52.0 (230930351)|STATEMENT_EXECUTE|[11]
10:17:52.0 (230932678)|STATEMENT_EXECUTE|[11]
10:17:52.0 (230936688)|SYSTEM_MODE_ENTER|true
10:17:52.0 (230944211)|HEAP_ALLOCATE|[12]|Bytes:5
10:17:52.0 (230947348)|STATEMENT_EXECUTE|[12]
10:17:52.0 (230960760)|METHOD_ENTRY|[12]|01p6T0000041qW6|LoggerScenarioRule.loadLogScenarioRules()
10:17:52.0 (230978348)|HEAP_ALLOCATE|[53]|Bytes:5
10:17:52.0 (230980657)|STATEMENT_EXECUTE|[52]
10:17:52.0 (230981483)|STATEMENT_EXECUTE|[53]
10:17:52.0 (230990583)|HEAP_ALLOCATE|[53]|Bytes:4
10:17:52.0 (231010727)|VARIABLE_SCOPE_BEGIN|[53]|scenarioRules|Map<String,LoggerScenarioRule__mdt>|true|false
10:17:52.0 (231026411)|VARIABLE_ASSIGNMENT|[53]|scenarioRules|{}|0x32c7c0d3
10:17:52.0 (231033463)|METHOD_ENTRY|[54]|01pEm000009eypx|LoggerConfigurationSelector.getInstance()
10:17:52.0 (231053115)|HEAP_ALLOCATE|[92]|Bytes:5
10:17:52.0 (231055488)|STATEMENT_EXECUTE|[91]
10:17:52.0 (231056375)|STATEMENT_EXECUTE|[92]
10:17:52.0 (231062871)|METHOD_EXIT|[54]|01pEm000009eypx|LoggerConfigurationSelector.getInstance()
10:17:52.0 (231073519)|METHOD_ENTRY|[54]|01pEm000009eypx|LoggerConfigurationSelector.getLoggerScenarioRules()
10:17:52.0 (231077833)|VARIABLE_SCOPE_BEGIN|[177]|this|LoggerConfigurationSelector|true|false
10:17:52.0 (231102397)|VARIABLE_ASSIGNMENT|[177]|this|{}|0x32675473
10:17:52.0 (231107856)|HEAP_ALLOCATE|[178]|Bytes:5
10:17:52.0 (231110132)|STATEMENT_EXECUTE|[177]
10:17:52.0 (231111130)|STATEMENT_EXECUTE|[178]
10:17:52.0 (232105084)|HEAP_ALLOCATE|[178]|Bytes:4
10:17:52.0 (232146416)|HEAP_ALLOCATE|[EXTERNAL]|Bytes:4
10:17:52.0 (232155803)|HEAP_ALLOCATE|[178]|Bytes:4
10:17:52.0 (232208969)|HEAP_ALLOCATE|[EXTERNAL]|Bytes:4
10:17:52.0 (232211880)|HEAP_ALLOCATE|[EXTERNAL]|Bytes:4
10:17:52.0 (232225039)|METHOD_EXIT|[54]|01pEm000009eypx|LoggerConfigurationSelector.getLoggerScenarioRules()
10:17:52.0 (232335407)|HEAP_ALLOCATE|[54]|Bytes:5
10:17:52.0 (232347506)|VARIABLE_ASSIGNMENT|[54]|scenarioRule|null|
10:17:52.0 (232351603)|STATEMENT_EXECUTE|[54]
10:17:52.0 (232352575)|STATEMENT_EXECUTE|[60]
10:17:52.0 (232356653)|METHOD_EXIT|[12]|01p6T0000041qW6|LoggerScenarioRule.loadLogScenarioRules()
10:17:52.0 (232370850)|VARIABLE_ASSIGNMENT|[12]|LoggerScenarioRule.SCENARIO_NAME_TO_SCENARIO_RULE|{}|0x32c7c0d3
10:17:52.0 (232375778)|SYSTEM_MODE_EXIT|true
10:17:52.0 (232387047)|METHOD_EXIT|[11]|LoggerScenarioRule
10:17:52.0 (232397258)|METHOD_ENTRY|[3585]|01p6T0000041qW6|LoggerScenarioRule.getInstance(String)
10:17:52.0 (232413859)|VARIABLE_SCOPE_BEGIN|[30]|scenario|String|false|false
10:17:52.0 (232418782)|VARIABLE_ASSIGNMENT|[30]|scenario|null
10:17:52.0 (232425945)|SYSTEM_MODE_ENTER|true
10:17:52.0 (232429063)|HEAP_ALLOCATE|[31]|Bytes:5
10:17:52.0 (232431788)|STATEMENT_EXECUTE|[30]
10:17:52.0 (232432695)|STATEMENT_EXECUTE|[31]
10:17:52.0 (232457688)|SYSTEM_MODE_EXIT|true
10:17:52.0 (232461632)|METHOD_EXIT|[3585]|01p6T0000041qW6|LoggerScenarioRule.getInstance(String)
10:17:52.0 (232465167)|VARIABLE_SCOPE_BEGIN|[3585]|matchingScenarioRule|LoggerScenarioRule__mdt|true|false
10:17:52.0 (232470119)|VARIABLE_ASSIGNMENT|[3585]|matchingScenarioRule|null|
10:17:52.0 (232473449)|STATEMENT_EXECUTE|[3586]
10:17:52.0 (232505648)|METHOD_EXIT|[135]|01p6T0000041qVf|Logger.setScenario(String)
10:17:52.0 (232511468)|STATEMENT_EXECUTE|[4018]
10:17:52.0 (232512545)|STATEMENT_EXECUTE|[4037]
10:17:52.0 (232513758)|STATEMENT_EXECUTE|[4042]
10:17:52.0 (232514624)|STATEMENT_EXECUTE|[4052]
10:17:52.0 (232515733)|STATEMENT_EXECUTE|[4060]
10:17:52.0 (232516733)|STATEMENT_EXECUTE|[4112]
10:17:52.0 (232517919)|STATEMENT_EXECUTE|[4146]
10:17:52.0 (232519485)|SYSTEM_MODE_EXIT|false
10:17:52.0 (232529208)|METHOD_ENTRY|[135]|01p6T0000041qVf|Logger.getLoggingLevel(String)
10:17:52.0 (232539153)|VARIABLE_SCOPE_BEGIN|[3783]|loggingLevelName|String|false|false
10:17:52.0 (232546830)|VARIABLE_ASSIGNMENT|[3783]|loggingLevelName|"INFO"
10:17:52.0 (232553132)|SYSTEM_MODE_ENTER|false
10:17:52.0 (232555737)|HEAP_ALLOCATE|[3784]|Bytes:5
10:17:52.0 (232558089)|STATEMENT_EXECUTE|[3783]
10:17:52.0 (232559004)|STATEMENT_EXECUTE|[3784]
10:17:52.0 (232559787)|STATEMENT_EXECUTE|[3784]
10:17:52.0 (232560721)|STATEMENT_EXECUTE|[3785]
10:17:52.0 (232578104)|HEAP_ALLOCATE|[3785]|Bytes:4
10:17:52.0 (232591867)|HEAP_ALLOCATE|[3785]|Bytes:4
10:17:52.0 (232685373)|SYSTEM_MODE_EXIT|false
10:17:52.0 (232689147)|METHOD_EXIT|[135]|01p6T0000041qVf|Logger.getLoggingLevel(String)
10:17:52.0 (232692263)|VARIABLE_SCOPE_BEGIN|[135]|loggingLevel|System.LoggingLevel|true|false
10:17:52.0 (232704872)|VARIABLE_ASSIGNMENT|[135]|loggingLevel|"INFO"|0x4b87bee3
10:17:52.0 (232708168)|STATEMENT_EXECUTE|[136]
10:17:52.0 (232716974)|METHOD_ENTRY|[136]|01pEm000009eypt|CallableLogger.getFormattedMessage(Map<String,ANY>)
10:17:52.0 (232723632)|VARIABLE_SCOPE_BEGIN|[182]|originalInput|Map<String,ANY>|true|false
10:17:52.0 (232730960)|VARIABLE_ASSIGNMENT|[182]|originalInput|"Map of size 16 too large to display"|0x166845d
10:17:52.0 (232737157)|HEAP_ALLOCATE|[183]|Bytes:5
10:17:52.0 (232739857)|STATEMENT_EXECUTE|[182]
10:17:52.0 (232741002)|STATEMENT_EXECUTE|[183]
10:17:52.0 (232755301)|VARIABLE_SCOPE_BEGIN|[183]|message|String|false|false
10:17:52.0 (232761094)|VARIABLE_ASSIGNMENT|[183]|message|"Logger Testing!"
10:17:52.0 (232766878)|METHOD_ENTRY|[185]|01pEm000009eypt|CallableLogger.isOmniStudioInput(Map<String,ANY>)
10:17:52.0 (232772698)|VARIABLE_SCOPE_BEGIN|[192]|input|Map<String,ANY>|true|false
10:17:52.0 (232777893)|VARIABLE_ASSIGNMENT|[192]|input|"Map of size 16 too large to display"|0x166845d
10:17:52.0 (232782542)|HEAP_ALLOCATE|[193]|Bytes:5
10:17:52.0 (232784797)|STATEMENT_EXECUTE|[192]
10:17:52.0 (232785743)|STATEMENT_EXECUTE|[193]
10:17:52.0 (232801049)|HEAP_ALLOCATE|[193]|Bytes:5
10:17:52.0 (232804397)|METHOD_EXIT|[185]|01pEm000009eypt|CallableLogger.isOmniStudioInput(Map<String,ANY>)
10:17:52.0 (232807227)|STATEMENT_EXECUTE|[185]
10:17:52.0 (232808304)|STATEMENT_EXECUTE|[186]
10:17:52.0 (232812357)|METHOD_ENTRY|[186]|01pEm000009eypt|CallableLogger.addOmniStudioSpecificFormatting(Map<String,ANY>)
10:17:52.0 (232816936)|VARIABLE_SCOPE_BEGIN|[196]|originalInput|Map<String,ANY>|true|false
10:17:52.0 (232821689)|VARIABLE_ASSIGNMENT|[196]|originalInput|"Map of size 16 too large to display"|0x166845d
10:17:52.0 (232825982)|HEAP_ALLOCATE|[200]|Bytes:5
10:17:52.0 (232828127)|STATEMENT_EXECUTE|[196]
10:17:52.0 (232829052)|STATEMENT_EXECUTE|[200]
10:17:52.0 (232834832)|HEAP_ALLOCATE|[200]|Bytes:4
10:17:52.0 (232839373)|VARIABLE_SCOPE_BEGIN|[200]|cleanedOmniStudioInputs|Map<String,ANY>|true|false
10:17:52.0 (232846638)|VARIABLE_ASSIGNMENT|[200]|cleanedOmniStudioInputs|{}|0x675c478d
10:17:52.0 (232879889)|HEAP_ALLOCATE|[201]|Bytes:259
10:17:52.0 (232902762)|HEAP_ALLOCATE|[201]|Bytes:5
10:17:52.0 (232911671)|VARIABLE_SCOPE_BEGIN|[201]|inputName|String|false|false
10:17:52.0 (232917123)|VARIABLE_ASSIGNMENT|[201]|inputName|"userProfile"
10:17:52.0 (232920113)|STATEMENT_EXECUTE|[201]
10:17:52.0 (232921124)|STATEMENT_EXECUTE|[202]
10:17:52.0 (232931533)|VARIABLE_SCOPE_BEGIN|[202]|inputValue|Object|false|false
10:17:52.0 (232937952)|VARIABLE_ASSIGNMENT|[202]|inputValue|"System Administrator"
10:17:52.0 (232941590)|HEAP_ALLOCATE|[203]|Bytes:68
10:17:52.0 (232963751)|STATEMENT_EXECUTE|[203]
10:17:52.0 (232967799)|HEAP_ALLOCATE|[201]|Bytes:5
10:17:52.0 (232972383)|VARIABLE_SCOPE_BEGIN|[201]|inputName|String|false|false
10:17:52.0 (232977209)|VARIABLE_ASSIGNMENT|[201]|inputName|"timeStamp"
10:17:52.0 (232979278)|STATEMENT_EXECUTE|[201]
10:17:52.0 (232980126)|STATEMENT_EXECUTE|[202]
10:17:52.0 (232985807)|VARIABLE_SCOPE_BEGIN|[202]|inputValue|Object|false|false
10:17:52.0 (232992487)|VARIABLE_ASSIGNMENT|[202]|inputValue|"2025-04-02T17:15:36. (4 more) ..."
10:17:52.0 (232997172)|STATEMENT_EXECUTE|[203]
10:17:52.0 (233000517)|HEAP_ALLOCATE|[201]|Bytes:5
10:17:52.0 (233005301)|VARIABLE_SCOPE_BEGIN|[201]|inputName|String|false|false
10:17:52.0 (233010489)|VARIABLE_ASSIGNMENT|[201]|inputName|"userTimeZoneName"
10:17:52.0 (233012771)|STATEMENT_EXECUTE|[201]
10:17:52.0 (233013561)|STATEMENT_EXECUTE|[202]
10:17:52.0 (233018201)|VARIABLE_SCOPE_BEGIN|[202]|inputValue|Object|false|false
10:17:52.0 (233023623)|VARIABLE_ASSIGNMENT|[202]|inputValue|"America/Los_Angeles"
10:17:52.0 (233027751)|STATEMENT_EXECUTE|[203]
10:17:52.0 (233030838)|HEAP_ALLOCATE|[201]|Bytes:5
10:17:52.0 (233034995)|VARIABLE_SCOPE_BEGIN|[201]|inputName|String|false|false
10:17:52.0 (233039548)|VARIABLE_ASSIGNMENT|[201]|inputName|"userTimeZone"
10:17:52.0 (233041641)|STATEMENT_EXECUTE|[201]
10:17:52.0 (233042453)|STATEMENT_EXECUTE|[202]
10:17:52.0 (233047371)|VARIABLE_SCOPE_BEGIN|[202]|inputValue|Object|false|false
10:17:52.0 (233052348)|VARIABLE_ASSIGNMENT|[202]|inputValue|"-420"
10:17:52.0 (233056078)|STATEMENT_EXECUTE|[203]
10:17:52.0 (233059153)|HEAP_ALLOCATE|[201]|Bytes:5
10:17:52.0 (233063104)|VARIABLE_SCOPE_BEGIN|[201]|inputName|String|false|false
10:17:52.0 (233067654)|VARIABLE_ASSIGNMENT|[201]|inputName|"userCurrencyCode"
10:17:52.0 (233069683)|STATEMENT_EXECUTE|[201]
10:17:52.0 (233070463)|STATEMENT_EXECUTE|[202]
10:17:52.0 (233075052)|VARIABLE_SCOPE_BEGIN|[202]|inputValue|Object|false|false
10:17:52.0 (233079907)|VARIABLE_ASSIGNMENT|[202]|inputValue|"USD"
10:17:52.0 (233083786)|STATEMENT_EXECUTE|[203]
10:17:52.0 (233086832)|HEAP_ALLOCATE|[201]|Bytes:5
10:17:52.0 (233090649)|VARIABLE_SCOPE_BEGIN|[201]|inputName|String|false|false
10:17:52.0 (233094956)|VARIABLE_ASSIGNMENT|[201]|inputName|"userName"
10:17:52.0 (233097162)|STATEMENT_EXECUTE|[201]
10:17:52.0 (233097948)|STATEMENT_EXECUTE|[202]
10:17:52.0 (233102476)|VARIABLE_SCOPE_BEGIN|[202]|inputValue|Object|false|false
10:17:52.0 (233108326)|VARIABLE_ASSIGNMENT|[202]|inputValue|"jairo.calderon105@t- (32 more) ..."
10:17:52.0 (233112274)|STATEMENT_EXECUTE|[203]
10:17:52.0 (233115478)|HEAP_ALLOCATE|[201]|Bytes:5
10:17:52.0 (233119218)|VARIABLE_SCOPE_BEGIN|[201]|inputName|String|false|false
10:17:52.0 (233123640)|VARIABLE_ASSIGNMENT|[201]|inputName|"userId"
10:17:52.0 (233125702)|STATEMENT_EXECUTE|[201]
10:17:52.0 (233126483)|STATEMENT_EXECUTE|[202]
10:17:52.0 (233131074)|VARIABLE_SCOPE_BEGIN|[202]|inputValue|Object|false|false
10:17:52.0 (233136736)|VARIABLE_ASSIGNMENT|[202]|inputValue|"0056T000009PyuaQAC"
10:17:52.0 (233140608)|STATEMENT_EXECUTE|[203]
10:17:52.0 (233143834)|HEAP_ALLOCATE|[201]|Bytes:5
10:17:52.0 (233152499)|VARIABLE_SCOPE_BEGIN|[201]|inputName|String|false|false
10:17:52.0 (233157050)|VARIABLE_ASSIGNMENT|[201]|inputName|"omniProcessId"
10:17:52.0 (233159270)|STATEMENT_EXECUTE|[201]
10:17:52.0 (233160141)|STATEMENT_EXECUTE|[202]
10:17:52.0 (233165095)|VARIABLE_SCOPE_BEGIN|[202]|inputValue|Object|false|false
10:17:52.0 (233170789)|VARIABLE_ASSIGNMENT|[202]|inputValue|"a5UEm000001fcNJMAY"
10:17:52.0 (233174639)|STATEMENT_EXECUTE|[203]
10:17:52.0 (233177765)|HEAP_ALLOCATE|[201]|Bytes:5
10:17:52.0 (233181601)|VARIABLE_SCOPE_BEGIN|[201]|inputName|String|false|false
10:17:52.0 (233186207)|VARIABLE_ASSIGNMENT|[201]|inputName|"localTimeZoneName"
10:17:52.0 (233188342)|STATEMENT_EXECUTE|[201]
10:17:52.0 (233189131)|STATEMENT_EXECUTE|[202]
10:17:52.0 (233193837)|VARIABLE_SCOPE_BEGIN|[202]|inputValue|Object|false|false
10:17:52.0 (233198962)|VARIABLE_ASSIGNMENT|[202]|inputValue|"America/Los_Angeles"
10:17:52.0 (233202780)|STATEMENT_EXECUTE|[203]
10:17:52.0 (233206184)|HEAP_ALLOCATE|[201]|Bytes:5
10:17:52.0 (233209980)|VARIABLE_SCOPE_BEGIN|[201]|inputName|String|false|false
10:17:52.0 (233215037)|VARIABLE_ASSIGNMENT|[201]|inputName|"exceptionType"
10:17:52.0 (233217226)|STATEMENT_EXECUTE|[201]
10:17:52.0 (233218017)|STATEMENT_EXECUTE|[202]
10:17:52.0 (233222717)|VARIABLE_SCOPE_BEGIN|[202]|inputValue|Object|false|false
10:17:52.0 (233228566)|VARIABLE_ASSIGNMENT|[202]|inputValue|"System.NullPointerEx (7 more) ..."
10:17:52.0 (233232490)|STATEMENT_EXECUTE|[203]
10:17:52.0 (233235700)|HEAP_ALLOCATE|[201]|Bytes:5
10:17:52.0 (233239484)|VARIABLE_SCOPE_BEGIN|[201]|inputName|String|false|false
10:17:52.0 (233244285)|VARIABLE_ASSIGNMENT|[201]|inputName|"exceptionStackTrace"
10:17:52.0 (233246310)|STATEMENT_EXECUTE|[201]
10:17:52.0 (233247105)|STATEMENT_EXECUTE|[202]
10:17:52.0 (233251996)|VARIABLE_SCOPE_BEGIN|[202]|inputValue|Object|false|false
10:17:52.0 (233257976)|VARIABLE_ASSIGNMENT|[202]|inputValue|"Class.CallableLogger (172 more) ..."
10:17:52.0 (233262357)|STATEMENT_EXECUTE|[203]
10:17:52.0 (233265479)|HEAP_ALLOCATE|[201]|Bytes:5
10:17:52.0 (233269210)|VARIABLE_SCOPE_BEGIN|[201]|inputName|String|false|false
10:17:52.0 (233273983)|VARIABLE_ASSIGNMENT|[201]|inputName|"exceptionMessage"
10:17:52.0 (233276051)|STATEMENT_EXECUTE|[201]
10:17:52.0 (233276835)|STATEMENT_EXECUTE|[202]
10:17:52.0 (233281463)|VARIABLE_SCOPE_BEGIN|[202]|inputValue|Object|false|false
10:17:52.0 (233287045)|VARIABLE_ASSIGNMENT|[202]|inputValue|"Attempt to de-refere (17 more) ..."
10:17:52.0 (233291340)|STATEMENT_EXECUTE|[203]
10:17:52.0 (233294388)|HEAP_ALLOCATE|[201]|Bytes:5
10:17:52.0 (233298120)|VARIABLE_SCOPE_BEGIN|[201]|inputName|String|false|false
10:17:52.0 (233302537)|VARIABLE_ASSIGNMENT|[201]|inputName|"isSuccess"
10:17:52.0 (233304997)|STATEMENT_EXECUTE|[201]
10:17:52.0 (233305785)|STATEMENT_EXECUTE|[202]
10:17:52.0 (233310480)|VARIABLE_SCOPE_BEGIN|[202]|inputValue|Object|false|false
10:17:52.0 (233315592)|VARIABLE_ASSIGNMENT|[202]|inputValue|false
10:17:52.0 (233320774)|STATEMENT_EXECUTE|[203]
10:17:52.0 (233323922)|HEAP_ALLOCATE|[201]|Bytes:5
10:17:52.0 (233327687)|VARIABLE_SCOPE_BEGIN|[201]|inputName|String|false|false
10:17:52.0 (233332207)|VARIABLE_ASSIGNMENT|[201]|inputName|"saveLog"
10:17:52.0 (233334311)|STATEMENT_EXECUTE|[201]
10:17:52.0 (233335100)|STATEMENT_EXECUTE|[202]
10:17:52.0 (233339825)|VARIABLE_SCOPE_BEGIN|[202]|inputValue|Object|false|false
10:17:52.0 (233344867)|VARIABLE_ASSIGNMENT|[202]|inputValue|true
10:17:52.0 (233349160)|STATEMENT_EXECUTE|[203]
10:17:52.0 (233352145)|HEAP_ALLOCATE|[201]|Bytes:5
10:17:52.0 (233355867)|VARIABLE_SCOPE_BEGIN|[201]|inputName|String|false|false
10:17:52.0 (233360062)|VARIABLE_ASSIGNMENT|[201]|inputName|"message"
10:17:52.0 (233362340)|STATEMENT_EXECUTE|[201]
10:17:52.0 (233363124)|STATEMENT_EXECUTE|[202]
10:17:52.0 (233367608)|VARIABLE_SCOPE_BEGIN|[202]|inputValue|Object|false|false
10:17:52.0 (233372992)|VARIABLE_ASSIGNMENT|[202]|inputValue|"Logger Testing!"
10:17:52.0 (233376860)|STATEMENT_EXECUTE|[203]
10:17:52.0 (233380042)|HEAP_ALLOCATE|[201]|Bytes:5
10:17:52.0 (233383806)|VARIABLE_SCOPE_BEGIN|[201]|inputName|String|false|false
10:17:52.0 (233388260)|VARIABLE_ASSIGNMENT|[201]|inputName|"loggingLevel"
10:17:52.0 (233390327)|STATEMENT_EXECUTE|[201]
10:17:52.0 (233391122)|STATEMENT_EXECUTE|[202]
10:17:52.0 (233395591)|VARIABLE_SCOPE_BEGIN|[202]|inputValue|Object|false|false
10:17:52.0 (233400480)|VARIABLE_ASSIGNMENT|[202]|inputValue|"INFO"
10:17:52.0 (233404371)|STATEMENT_EXECUTE|[203]
10:17:52.0 (233407415)|HEAP_ALLOCATE|[201]|Bytes:5
10:17:52.0 (233412282)|VARIABLE_ASSIGNMENT|[201]|inputName|null
10:17:52.0 (233415211)|STATEMENT_EXECUTE|[208]
10:17:52.0 (233430120)|METHOD_EXIT|[186]|01pEm000009eypt|CallableLogger.addOmniStudioSpecificFormatting(Map<String,ANY>)
10:17:52.0 (233437670)|HEAP_ALLOCATE|[186]|Bytes:15
10:17:52.0 (233441724)|VARIABLE_ASSIGNMENT|[186]|message|"Logger Testing!"
10:17:52.0 (233444134)|STATEMENT_EXECUTE|[189]
10:17:52.0 (233446811)|METHOD_EXIT|[136]|01pEm000009eypt|CallableLogger.getFormattedMessage(Map<String,ANY>)
10:17:52.0 (233449479)|VARIABLE_SCOPE_BEGIN|[136]|formattedMessage|String|false|false
10:17:52.0 (233454391)|VARIABLE_ASSIGNMENT|[136]|formattedMessage|"Logger Testing!"
10:17:52.0 (233456713)|STATEMENT_EXECUTE|[138]
10:17:52.0 (233464589)|METHOD_ENTRY|[138]|01p6T0000041qVf|Logger.newEntry(System.LoggingLevel, String)
10:17:52.0 (233472725)|VARIABLE_SCOPE_BEGIN|[3545]|loggingLevel|System.LoggingLevel|true|false
10:17:52.0 (233479874)|VARIABLE_ASSIGNMENT|[3545]|loggingLevel|"INFO"|0x4b87bee3
10:17:52.0 (233482949)|VARIABLE_SCOPE_BEGIN|[3545]|message|String|false|false
10:17:52.0 (233487115)|VARIABLE_ASSIGNMENT|[3545]|message|"Logger Testing!"
10:17:52.0 (233493370)|SYSTEM_MODE_ENTER|false
10:17:52.0 (233495590)|HEAP_ALLOCATE|[3546]|Bytes:5
10:17:52.0 (233497832)|STATEMENT_EXECUTE|[3545]
10:17:52.0 (233498732)|STATEMENT_EXECUTE|[3546]
10:17:52.0 (233503861)|METHOD_ENTRY|[3546]|01p6T0000041qVf|Logger.newEntry(System.LoggingLevel)
10:17:52.0 (233510519)|VARIABLE_SCOPE_BEGIN|[3867]|loggingLevel|System.LoggingLevel|true|false
10:17:52.0 (233515229)|VARIABLE_ASSIGNMENT|[3867]|loggingLevel|"INFO"|0x4b87bee3
10:17:52.0 (233519928)|HEAP_ALLOCATE|[3868]|Bytes:5
10:17:52.0 (233521941)|STATEMENT_EXECUTE|[3867]
10:17:52.0 (233522938)|STATEMENT_EXECUTE|[3868]
10:17:52.0 (233527868)|METHOD_ENTRY|[3868]|01p6T0000041qVf|Logger.isEnabled(System.LoggingLevel)
10:17:52.0 (233533689)|VARIABLE_SCOPE_BEGIN|[303]|loggingLevel|System.LoggingLevel|true|false
10:17:52.0 (233538218)|VARIABLE_ASSIGNMENT|[303]|loggingLevel|"INFO"|0x4b87bee3
10:17:52.0 (233542429)|HEAP_ALLOCATE|[304]|Bytes:5
10:17:52.0 (233544470)|STATEMENT_EXECUTE|[303]
10:17:52.0 (233545439)|STATEMENT_EXECUTE|[304]
10:17:52.0 (233548153)|METHOD_ENTRY|[304]|01p6T0000041qVf|Logger.isEnabled()
10:17:52.0 (233555114)|HEAP_ALLOCATE|[295]|Bytes:5
10:17:52.0 (233557435)|STATEMENT_EXECUTE|[294]
10:17:52.0 (233558296)|STATEMENT_EXECUTE|[295]
10:17:52.0 (233561635)|METHOD_ENTRY|[295]|01p6T0000041qVf|Logger.getUserSettings()
10:17:52.0 (233568827)|HEAP_ALLOCATE|[396]|Bytes:5
10:17:52.0 (233570869)|STATEMENT_EXECUTE|[394]
10:17:52.0 (233573665)|STATEMENT_EXECUTE|[396]
10:17:52.0 (233574566)|STATEMENT_EXECUTE|[400]
10:17:52.0 (233577326)|METHOD_EXIT|[295]|01p6T0000041qVf|Logger.getUserSettings()
10:17:52.0 (233621664)|METHOD_EXIT|[304]|01p6T0000041qVf|Logger.isEnabled()
10:17:52.0 (233628154)|METHOD_ENTRY|[304]|01p6T0000041qVf|Logger.meetsUserLoggingLevel(System.LoggingLevel)
10:17:52.0 (233631534)|VARIABLE_SCOPE_BEGIN|[368]|logEntryLoggingLevel|System.LoggingLevel|true|false
10:17:52.0 (233636695)|VARIABLE_ASSIGNMENT|[368]|logEntryLoggingLevel|"INFO"|0x4b87bee3
10:17:52.0 (233641149)|HEAP_ALLOCATE|[369]|Bytes:5
10:17:52.0 (233643235)|STATEMENT_EXECUTE|[368]
10:17:52.0 (233644304)|STATEMENT_EXECUTE|[369]
10:17:52.0 (233655642)|HEAP_ALLOCATE|[120]|Bytes:5
10:17:52.0 (233657959)|STATEMENT_EXECUTE|[119]
10:17:52.0 (233662642)|STATEMENT_EXECUTE|[120]
10:17:52.0 (233663616)|STATEMENT_EXECUTE|[121]
10:17:52.0 (233665505)|METHOD_ENTRY|[121]|01p6T0000041qVf|Logger.getUserSettings()
10:17:52.0 (233671445)|HEAP_ALLOCATE|[396]|Bytes:5
10:17:52.0 (233673269)|STATEMENT_EXECUTE|[394]
10:17:52.0 (233674348)|STATEMENT_EXECUTE|[396]
10:17:52.0 (233675184)|STATEMENT_EXECUTE|[400]
10:17:52.0 (233677482)|METHOD_EXIT|[121]|01p6T0000041qVf|Logger.getUserSettings()
10:17:52.0 (233689939)|METHOD_ENTRY|[121]|01p6T0000041qVf|Logger.getLoggingLevel(String)
10:17:52.0 (233692884)|VARIABLE_SCOPE_BEGIN|[3783]|loggingLevelName|String|false|false
10:17:52.0 (233697464)|VARIABLE_ASSIGNMENT|[3783]|loggingLevelName|"ERROR"
10:17:52.0 (233701407)|HEAP_ALLOCATE|[3784]|Bytes:5
10:17:52.0 (233703380)|STATEMENT_EXECUTE|[3783]
10:17:52.0 (233704384)|STATEMENT_EXECUTE|[3784]
10:17:52.0 (233705208)|STATEMENT_EXECUTE|[3784]
10:17:52.0 (233706115)|STATEMENT_EXECUTE|[3785]
10:17:52.0 (233714340)|HEAP_ALLOCATE|[3785]|Bytes:5
10:17:52.0 (233722203)|HEAP_ALLOCATE|[3785]|Bytes:5
10:17:52.0 (233767546)|METHOD_EXIT|[121]|01p6T0000041qVf|Logger.getLoggingLevel(String)
10:17:52.0 (233783728)|VARIABLE_ASSIGNMENT|[121]|Logger.userLoggingLevel|"ERROR"|0x1d55830e
10:17:52.0 (233789405)|STATEMENT_EXECUTE|[123]
10:17:52.0 (233823337)|HEAP_ALLOCATE|[369]|Bytes:5
10:17:52.0 (233828397)|METHOD_EXIT|[304]|01p6T0000041qVf|Logger.meetsUserLoggingLevel(System.LoggingLevel)
10:17:52.0 (233832988)|HEAP_ALLOCATE|[304]|Bytes:5
10:17:52.0 (233837138)|METHOD_EXIT|[3868]|01p6T0000041qVf|Logger.isEnabled(System.LoggingLevel)
10:17:52.0 (233847848)|METHOD_ENTRY|[3868]|01p6T0000041qVf|Logger.newEntry(System.LoggingLevel, Boolean)
10:17:52.0 (233852798)|VARIABLE_SCOPE_BEGIN|[3871]|loggingLevel|System.LoggingLevel|true|false
10:17:52.0 (233860304)|VARIABLE_ASSIGNMENT|[3871]|loggingLevel|"INFO"|0x4b87bee3
10:17:52.0 (233869581)|VARIABLE_SCOPE_BEGIN|[3871]|shouldSave|Boolean|false|false
10:17:52.0 (233874350)|VARIABLE_ASSIGNMENT|[3871]|shouldSave|false
10:17:52.0 (233879845)|HEAP_ALLOCATE|[3872]|Bytes:5
10:17:52.0 (233887525)|STATEMENT_EXECUTE|[3871]
10:17:52.0 (233889290)|STATEMENT_EXECUTE|[3872]
10:17:52.0 (233897605)|HEAP_ALLOCATE|[3872]|Bytes:32
10:17:52.0 (233914830)|HEAP_ALLOCATE|[3872]|Bytes:344
10:17:52.0 (233923131)|HEAP_ALLOCATE|[3872]|Bytes:303
10:17:52.0 (233929560)|HEAP_ALLOCATE|[3872]|Bytes:7
10:17:52.0 (233942735)|HEAP_ALLOCATE|[3872]|Bytes:8
10:17:52.0 (233957895)|VARIABLE_ASSIGNMENT|[3872]|LogEntryEventBuilder.HTTP_HEADER_FORMAT|"{0}: {1}"
10:17:52.0 (233964416)|HEAP_ALLOCATE|[3872]|Bytes:1
10:17:52.0 (233974418)|VARIABLE_ASSIGNMENT|[3872]|LogEntryEventBuilder.NEW_LINE_DELIMITER|"\n"
10:17:52.0 (233986037)|STATEMENT_EXECUTE|[14]
10:17:52.0 (233991619)|HEAP_ALLOCATE|[15]|Bytes:5
10:17:52.0 (233995293)|STATEMENT_EXECUTE|[15]
10:17:52.0 (234006352)|HEAP_ALLOCATE|[15]|Bytes:4
10:17:52.0 (234043768)|VARIABLE_ASSIGNMENT|[15]|LogEntryEventBuilder.CACHED_SOBJECT_NAME_TO_CLASSIFICATION|{}|0x77662ee3
10:17:52.0 (234050997)|STATEMENT_EXECUTE|[16]
10:17:52.0 (234082262)|HEAP_ALLOCATE|[16]|Bytes:4
10:17:52.0 (234098403)|METHOD_ENTRY|[16]||System.UserInfo.getUserId()
10:17:52.0 (234119664)|METHOD_EXIT|[16]||System.UserInfo.getUserId()
10:17:52.0 (234126899)|HEAP_ALLOCATE|[16]|Bytes:4
10:17:52.0 (234177522)|VARIABLE_ASSIGNMENT|[16]|this.Id|"0056T000009PyuaQAC"|0x2faf533f
10:17:52.0 (234183642)|METHOD_ENTRY|[16]||System.UserInfo.getProfileId()
10:17:52.0 (234200862)|METHOD_EXIT|[16]||System.UserInfo.getProfileId()
10:17:52.0 (234204025)|HEAP_ALLOCATE|[16]|Bytes:4
10:17:52.0 (234219017)|VARIABLE_ASSIGNMENT|[16]|this.ProfileId|"00e5f000001OM23AAG"|0x2faf533f
10:17:52.0 (234251442)|VARIABLE_ASSIGNMENT|[16]|LogEntryEventBuilder.CURRENT_USER|{"Id":"0056T000009PyuaQAC","ProfileId":"00e5f000001OM23AAG"}|0x2faf533f
10:17:52.0 (234254992)|STATEMENT_EXECUTE|[23]
10:17:52.0 (234259107)|METHOD_ENTRY|[23]||System.Network.getNetworkId()
10:17:52.0 (234270120)|METHOD_EXIT|[23]||System.Network.getNetworkId()
10:17:52.0 (234278317)|VARIABLE_ASSIGNMENT|[23]|LogEntryEventBuilder.networkId|null
10:17:52.0 (234280862)|STATEMENT_EXECUTE|[1323]
10:17:52.0 (234281828)|STATEMENT_EXECUTE|[1353]
10:17:52.0 (234353665)|HEAP_ALLOCATE|[3872]|Bytes:40
10:17:52.0 (234359704)|METHOD_ENTRY|[3872]|01p6T0000041qVf|Logger.getUserSettings()
10:17:52.0 (234371619)|HEAP_ALLOCATE|[396]|Bytes:5
10:17:52.0 (234373843)|STATEMENT_EXECUTE|[394]
10:17:52.0 (234376205)|STATEMENT_EXECUTE|[396]
10:17:52.0 (234377086)|STATEMENT_EXECUTE|[400]
10:17:52.0 (234379648)|METHOD_EXIT|[3872]|01p6T0000041qVf|Logger.getUserSettings()
10:17:52.0 (234392166)|CONSTRUCTOR_ENTRY|[3872]|01p6T0000041qVJ|<init>(LoggerSettings__c,System.LoggingLevel,Boolean)|LogEntryEventBuilder
10:17:52.0 (234402555)|VARIABLE_SCOPE_BEGIN|[124]|this|LogEntryEventBuilder|true|false
10:17:52.0 (234439123)|VARIABLE_ASSIGNMENT|[124]|this|{}|0x94999f3
10:17:52.0 (234443077)|VARIABLE_SCOPE_BEGIN|[124]|userSettings|LoggerSettings__c|true|false
10:17:52.0 (234485987)|VARIABLE_ASSIGNMENT|[124]|userSettings|{"IsDeleted":false,"Name":"Logger Settings (Org (10 more) ...","SetupOwnerId":"0056T000009PyuaQAC","CreatedDate":"2024-03-26T14:20:01.000Z","CreatedById":"0055f000008b6XBAAY","LastModifiedDate":"2024-03-26T14:20:01.000Z","LastModifiedById":"0055f000008b6XBAAY","SystemModstamp":"2024-03-26T14:20:01.000Z","DefaultLogPurgeAction__c":"Delete","DefaultLogShareAccessLevel__c":"Read","DefaultNumberOfDaysToRetainLogs__c":14.0,"DefaultPlatformEventStorageLocation__c":"CUSTOM_OBJECTS","DefaultSaveMethod__c":"EVENT_BUS","IsAnonymousModeEnabled__c":false,"IsApexSystemDebugLoggingEnabled__c":true,"IsDataMaskingEnabled__c":true,"IsEnabled__c":true,"IsJavaScriptConsoleLoggingEnabled__c":true,"IsRecordFieldStrippingEnabled__c":false,"IsSavingEnabled__c":true,"LoggingLevel__c":"ERROR"}|0x607037a2
10:17:52.0 (234495151)|VARIABLE_SCOPE_BEGIN|[124]|entryLoggingLevel|System.LoggingLevel|true|false
10:17:52.0 (234502391)|VARIABLE_ASSIGNMENT|[124]|entryLoggingLevel|"INFO"|0x4b87bee3
10:17:52.0 (234506361)|VARIABLE_SCOPE_BEGIN|[124]|shouldSave|Boolean|false|false
10:17:52.0 (234510556)|VARIABLE_ASSIGNMENT|[124]|shouldSave|false
10:17:52.0 (234515227)|HEAP_ALLOCATE|[31]|Bytes:5
10:17:52.0 (234517521)|STATEMENT_EXECUTE|[14]
10:17:52.0 (234519131)|HEAP_ALLOCATE|[31]|Bytes:5
10:17:52.0 (234520979)|STATEMENT_EXECUTE|[25]
10:17:52.0 (234522056)|STATEMENT_EXECUTE|[26]
10:17:52.0 (234522946)|STATEMENT_EXECUTE|[27]
10:17:52.0 (234524048)|STATEMENT_EXECUTE|[28]
10:17:52.0 (234524884)|STATEMENT_EXECUTE|[31]
10:17:52.0 (234534526)|VARIABLE_ASSIGNMENT|[31]|this.debugMessage|""|0x94999f3
10:17:52.0 (234537636)|STATEMENT_EXECUTE|[32]
10:17:52.0 (234540054)|HEAP_ALLOCATE|[32]|Bytes:5
10:17:52.0 (234544171)|VARIABLE_ASSIGNMENT|[32]|this.detailsAreSet|false|0x94999f3
10:17:52.0 (234546857)|STATEMENT_EXECUTE|[33]
10:17:52.0 (234547913)|STATEMENT_EXECUTE|[34]
10:17:52.0 (234556498)|HEAP_ALLOCATE|[34]|Bytes:4
10:17:52.0 (234718160)|VARIABLE_ASSIGNMENT|[34]|this.tags|[]|0x94999f3
10:17:52.0 (234721846)|STATEMENT_EXECUTE|[35]
10:17:52.0 (234724193)|HEAP_ALLOCATE|[35]|Bytes:5
10:17:52.0 (234728467)|VARIABLE_ASSIGNMENT|[35]|this.tagDetailsAreSet|true|0x94999f3
10:17:52.0 (234741255)|STATEMENT_EXECUTE|[124]
10:17:52.0 (234742360)|STATEMENT_EXECUTE|[125]
10:17:52.0 (234744277)|HEAP_ALLOCATE|[125]|Bytes:5
10:17:52.0 (234748125)|VARIABLE_ASSIGNMENT|[125]|this.shouldSave|false|0x94999f3
10:17:52.0 (234773780)|METHOD_ENTRY|[126]|01p6T0000041qVJ|LogEntryEventBuilder.shouldSave()
10:17:52.0 (234781015)|VARIABLE_SCOPE_BEGIN|[836]|this|LogEntryEventBuilder|true|false
10:17:52.0 (234798653)|VARIABLE_ASSIGNMENT|[836]|this|{"debugMessage":"","detailsAreSet":false,"shouldSave":false,"tagDetailsAreSet":true,"tags":"0x459416e3"}|0x94999f3
10:17:52.0 (234804575)|HEAP_ALLOCATE|[837]|Bytes:5
10:17:52.0 (234806745)|STATEMENT_EXECUTE|[836]
10:17:52.0 (234807580)|STATEMENT_EXECUTE|[837]
10:17:52.0 (234812053)|METHOD_EXIT|[126]|01p6T0000041qVJ|LogEntryEventBuilder.shouldSave()
10:17:52.0 (234815982)|STATEMENT_EXECUTE|[126]
10:17:52.0 (234822148)|CONSTRUCTOR_EXIT|[3872]|01p6T0000041qVJ|<init>(LoggerSettings__c,System.LoggingLevel,Boolean)|LogEntryEventBuilder
10:17:52.0 (234920544)|HEAP_ALLOCATE|[3874]|Bytes:321
10:17:52.0 (234926264)|HEAP_ALLOCATE|[3874]|Bytes:1
10:17:52.0 (234935710)|HEAP_ALLOCATE|[44]|Bytes:5
10:17:52.0 (234937974)|STATEMENT_EXECUTE|[43]
10:17:52.0 (234941179)|STATEMENT_EXECUTE|[44]
10:17:52.0 (234941996)|STATEMENT_EXECUTE|[45]
10:17:52.0 (234950352)|HEAP_ALLOCATE|[45]|Bytes:4
10:17:52.0 (234962459)|HEAP_ALLOCATE|[46]|Bytes:6
10:17:52.0 (234965350)|HEAP_ALLOCATE|[46]|Bytes:6
10:17:52.0 (235006504)|HEAP_ALLOCATE|[46]|Bytes:8
10:17:52.0 (235012225)|HEAP_ALLOCATE|[46]|Bytes:8
10:17:52.0 (235015319)|VARIABLE_SCOPE_BEGIN|[4]|this|System.Type|true|false
10:17:52.0 (235027119)|VARIABLE_ASSIGNMENT|[4]|this|{}|0x4389a28e
10:17:52.0 (235030292)|VARIABLE_SCOPE_BEGIN|[4]|apextype|java:common.apex.runtime.ApexObjectType|true|false
10:17:52.0 (235109509)|VARIABLE_ASSIGNMENT|[4]|apextype|"Logger"|0x493bf441
10:17:52.0 (235133566)|METHOD_ENTRY|[46]||System.Type.getName()
10:17:52.0 (235169245)|METHOD_EXIT|[46]||System.Type.getName()
10:17:52.0 (235176253)|HEAP_ALLOCATE|[46]|Bytes:12
10:17:52.0 (235184972)|HEAP_ALLOCATE|[47]|Bytes:20
10:17:52.0 (235203293)|HEAP_ALLOCATE|[47]|Bytes:8
10:17:52.0 (235206116)|HEAP_ALLOCATE|[47]|Bytes:8
10:17:52.0 (235207998)|VARIABLE_SCOPE_BEGIN|[4]|this|System.Type|true|false
10:17:52.0 (235216904)|VARIABLE_ASSIGNMENT|[4]|this|{}|0x2c7dc08b
10:17:52.0 (235220063)|VARIABLE_SCOPE_BEGIN|[4]|apextype|java:common.apex.runtime.ApexObjectType|true|false
10:17:52.0 (235246528)|VARIABLE_ASSIGNMENT|[4]|apextype|"LogEntryEventBuilder"|0x105b5e36
10:17:52.0 (235262516)|METHOD_ENTRY|[47]||System.Type.getName()
10:17:52.0 (235273318)|METHOD_EXIT|[47]||System.Type.getName()
10:17:52.0 (235276399)|HEAP_ALLOCATE|[47]|Bytes:26
10:17:52.0 (235280427)|HEAP_ALLOCATE|[48]|Bytes:10
10:17:52.0 (238068171)|HEAP_ALLOCATE|[48]|Bytes:8
10:17:52.0 (238084588)|HEAP_ALLOCATE|[48]|Bytes:8
10:17:52.0 (238088505)|VARIABLE_SCOPE_BEGIN|[4]|this|System.Type|true|false
10:17:52.0 (238109503)|VARIABLE_ASSIGNMENT|[4]|this|{}|0x5517d4ab
10:17:52.0 (238112792)|VARIABLE_SCOPE_BEGIN|[4]|apextype|java:common.apex.runtime.ApexObjectType|true|false
10:17:52.0 (238188739)|VARIABLE_ASSIGNMENT|[4]|apextype|"LogMessage"|0x693d6a04
10:17:52.0 (238229259)|METHOD_ENTRY|[48]||System.Type.getName()
10:17:52.0 (238255353)|METHOD_EXIT|[48]||System.Type.getName()
10:17:52.0 (238262078)|HEAP_ALLOCATE|[48]|Bytes:16
10:17:52.0 (238293760)|HEAP_ALLOCATE|[EXTERNAL]|Bytes:16
10:17:52.0 (238308728)|VARIABLE_ASSIGNMENT|[45]|Logger.CLASSES_TO_IGNORE|["Class.Logger","Class.LogEntryEventB (6 more) ...","Class.LogMessage"]|0x3b5659a
10:17:52.0 (238312711)|STATEMENT_EXECUTE|[51]
10:17:52.0 (238322943)|HEAP_ALLOCATE|[3874]|Bytes:1
10:17:52.0 (238374329)|HEAP_ALLOCATE|[3874]|Bytes:14
10:17:52.0 (238380844)|HEAP_ALLOCATE|[3874]|Bytes:71
10:17:52.0 (238410322)|HEAP_ALLOCATE|[3874]|Bytes:195
10:17:52.0 (238418932)|HEAP_ALLOCATE|[3874]|Bytes:192
10:17:52.0 (238435429)|METHOD_ENTRY|[3874]|01p6T0000041qVJ|LogEntryEventBuilder.parseStackTrace(String)
10:17:52.0 (238440269)|VARIABLE_SCOPE_BEGIN|[824]|this|LogEntryEventBuilder|true|false
10:17:52.0 (238470666)|VARIABLE_ASSIGNMENT|[824]|this|{"debugMessage":"","detailsAreSet":false,"shouldSave":false,"tagDetailsAreSet":true,"tags":"0x459416e3"}|0x94999f3
10:17:52.0 (238474279)|VARIABLE_SCOPE_BEGIN|[824]|stackTraceString|String|false|false
10:17:52.0 (238480347)|VARIABLE_ASSIGNMENT|[824]|stackTraceString|"Class.CallableLogger (172 more) ..."
10:17:52.0 (238487689)|HEAP_ALLOCATE|[825]|Bytes:5
10:17:52.0 (238490102)|STATEMENT_EXECUTE|[824]
10:17:52.0 (238500127)|METHOD_ENTRY|[825]|01p6T0000041qVJ|LogEntryEventBuilder.shouldSave()
10:17:52.0 (238507773)|VARIABLE_SCOPE_BEGIN|[836]|this|LogEntryEventBuilder|true|false
10:17:52.0 (238520127)|VARIABLE_ASSIGNMENT|[836]|this|{"debugMessage":"","detailsAreSet":false,"shouldSave":false,"tagDetailsAreSet":true,"tags":"0x459416e3"}|0x94999f3
10:17:52.0 (238525367)|HEAP_ALLOCATE|[837]|Bytes:5
10:17:52.0 (238527529)|STATEMENT_EXECUTE|[836]
10:17:52.0 (238528372)|STATEMENT_EXECUTE|[837]
10:17:52.0 (238532052)|METHOD_EXIT|[825]|01p6T0000041qVJ|LogEntryEventBuilder.shouldSave()
10:17:52.0 (238538034)|STATEMENT_EXECUTE|[825]
10:17:52.0 (238539178)|STATEMENT_EXECUTE|[826]
10:17:52.0 (238541786)|METHOD_EXIT|[3874]|01p6T0000041qVJ|LogEntryEventBuilder.parseStackTrace(String)
10:17:52.0 (238544954)|VARIABLE_SCOPE_BEGIN|[3872]|logEntryEventBuilder|LogEntryEventBuilder|true|false
10:17:52.0 (238556536)|VARIABLE_ASSIGNMENT|[3872]|logEntryEventBuilder|{"debugMessage":"","detailsAreSet":false,"shouldSave":false,"tagDetailsAreSet":true,"tags":"0x459416e3"}|0x94999f3
10:17:52.0 (238563364)|METHOD_ENTRY|[3875]|01p6T0000041qVJ|LogEntryEventBuilder.shouldSave()
10:17:52.0 (238571436)|VARIABLE_SCOPE_BEGIN|[836]|this|LogEntryEventBuilder|true|false
10:17:52.0 (238593138)|VARIABLE_ASSIGNMENT|[836]|this|{"debugMessage":"","detailsAreSet":false,"shouldSave":false,"tagDetailsAreSet":true,"tags":"0x459416e3"}|0x94999f3
10:17:52.0 (238604228)|HEAP_ALLOCATE|[837]|Bytes:5
10:17:52.0 (238608540)|STATEMENT_EXECUTE|[836]
10:17:52.0 (238609761)|STATEMENT_EXECUTE|[837]
10:17:52.0 (238617719)|METHOD_EXIT|[3875]|01p6T0000041qVJ|LogEntryEventBuilder.shouldSave()
10:17:52.0 (238624741)|STATEMENT_EXECUTE|[3875]
10:17:52.0 (238626439)|STATEMENT_EXECUTE|[3886]
10:17:52.0 (238635664)|METHOD_EXIT|[3868]|01p6T0000041qVf|Logger.newEntry(System.LoggingLevel, Boolean)
10:17:52.0 (238658096)|METHOD_EXIT|[3546]|01p6T0000041qVf|Logger.newEntry(System.LoggingLevel)
10:17:52.0 (238678613)|METHOD_ENTRY|[3546]|01p6T0000041qVJ|LogEntryEventBuilder.setMessage(String)
10:17:52.0 (238684525)|VARIABLE_SCOPE_BEGIN|[153]|this|LogEntryEventBuilder|true|false
10:17:52.0 (238703370)|VARIABLE_ASSIGNMENT|[153]|this|{"debugMessage":"","detailsAreSet":false,"shouldSave":false,"tagDetailsAreSet":true,"tags":"0x459416e3"}|0x94999f3
10:17:52.0 (238708356)|VARIABLE_SCOPE_BEGIN|[153]|message|String|false|false
10:17:52.0 (238716106)|VARIABLE_ASSIGNMENT|[153]|message|"Logger Testing!"
10:17:52.0 (238723391)|HEAP_ALLOCATE|[155]|Bytes:5
10:17:52.0 (238726727)|STATEMENT_EXECUTE|[153]
10:17:52.0 (238733001)|METHOD_ENTRY|[155]|01p6T0000041qVJ|LogEntryEventBuilder.shouldSave()
10:17:52.0 (238740569)|VARIABLE_SCOPE_BEGIN|[836]|this|LogEntryEventBuilder|true|false
10:17:52.0 (238755784)|VARIABLE_ASSIGNMENT|[836]|this|{"debugMessage":"","detailsAreSet":false,"shouldSave":false,"tagDetailsAreSet":true,"tags":"0x459416e3"}|0x94999f3
10:17:52.0 (238762180)|HEAP_ALLOCATE|[837]|Bytes:5
10:17:52.0 (238764873)|STATEMENT_EXECUTE|[836]
10:17:52.0 (238766089)|STATEMENT_EXECUTE|[837]
10:17:52.0 (238769805)|METHOD_EXIT|[155]|01p6T0000041qVJ|LogEntryEventBuilder.shouldSave()
10:17:52.0 (238779017)|METHOD_ENTRY|[155]||System.Test.isRunningTest()
10:17:52.0 (238790324)|METHOD_EXIT|[155]||System.Test.isRunningTest()
10:17:52.0 (238794303)|STATEMENT_EXECUTE|[155]
10:17:52.0 (238795206)|STATEMENT_EXECUTE|[166]
10:17:52.0 (238798211)|METHOD_EXIT|[3546]|01p6T0000041qVJ|LogEntryEventBuilder.setMessage(String)
10:17:52.0 (238801826)|SYSTEM_MODE_EXIT|false
10:17:52.0 (238808321)|METHOD_EXIT|[138]|01p6T0000041qVf|Logger.newEntry(System.LoggingLevel, String)
10:17:52.0 (238812753)|VARIABLE_SCOPE_BEGIN|[138]|logEntryEventBuilder|LogEntryEventBuilder|true|false
10:17:52.0 (238829117)|VARIABLE_ASSIGNMENT|[138]|logEntryEventBuilder|{"debugMessage":"","detailsAreSet":false,"shouldSave":false,"tagDetailsAreSet":true,"tags":"0x459416e3"}|0x94999f3
10:17:52.0 (238866452)|STATEMENT_EXECUTE|[140]
10:17:52.0 (238875885)|STATEMENT_EXECUTE|[143]
10:17:52.0 (238883942)|STATEMENT_EXECUTE|[146]
10:17:52.0 (238891835)|STATEMENT_EXECUTE|[149]
10:17:52.0 (238899377)|STATEMENT_EXECUTE|[152]
10:17:52.0 (238907381)|STATEMENT_EXECUTE|[155]
10:17:52.0 (238911430)|METHOD_ENTRY|[161]|01pEm000009eypt|CallableLogger.isOmniStudioInput(Map<String,ANY>)
10:17:52.0 (238917265)|VARIABLE_SCOPE_BEGIN|[192]|input|Map<String,ANY>|true|false
10:17:52.0 (238924622)|VARIABLE_ASSIGNMENT|[192]|input|"Map of size 16 too large to display"|0x166845d
10:17:52.0 (238930267)|HEAP_ALLOCATE|[193]|Bytes:5
10:17:52.0 (238932710)|STATEMENT_EXECUTE|[192]
10:17:52.0 (238933632)|STATEMENT_EXECUTE|[193]
10:17:52.0 (238941383)|HEAP_ALLOCATE|[193]|Bytes:5
10:17:52.0 (238944460)|METHOD_EXIT|[161]|01pEm000009eypt|CallableLogger.isOmniStudioInput(Map<String,ANY>)
10:17:52.0 (238947108)|STATEMENT_EXECUTE|[161]
10:17:52.0 (238947960)|STATEMENT_EXECUTE|[162]
10:17:52.0 (238953150)|METHOD_ENTRY|[162]|01p6T0000041qVJ|LogEntryEventBuilder.getLogEntryEvent()
10:17:52.0 (238961483)|VARIABLE_SCOPE_BEGIN|[879]|this|LogEntryEventBuilder|true|false
10:17:52.0 (238973385)|VARIABLE_ASSIGNMENT|[879]|this|{"debugMessage":"","detailsAreSet":false,"shouldSave":false,"tagDetailsAreSet":true,"tags":"0x459416e3"}|0x94999f3
10:17:52.0 (238980463)|SYSTEM_MODE_ENTER|false
10:17:52.0 (238982867)|HEAP_ALLOCATE|[880]|Bytes:5
10:17:52.0 (238985160)|STATEMENT_EXECUTE|[879]
10:17:52.0 (238989183)|METHOD_ENTRY|[880]|01p6T0000041qVJ|LogEntryEventBuilder.shouldSave()
10:17:52.0 (238993075)|VARIABLE_SCOPE_BEGIN|[836]|this|LogEntryEventBuilder|true|false
10:17:52.0 (239003343)|VARIABLE_ASSIGNMENT|[836]|this|{"debugMessage":"","detailsAreSet":false,"shouldSave":false,"tagDetailsAreSet":true,"tags":"0x459416e3"}|0x94999f3
10:17:52.0 (239012097)|HEAP_ALLOCATE|[837]|Bytes:5
10:17:52.0 (239013947)|STATEMENT_EXECUTE|[836]
10:17:52.0 (239014770)|STATEMENT_EXECUTE|[837]
10:17:52.0 (239017076)|METHOD_EXIT|[880]|01p6T0000041qVJ|LogEntryEventBuilder.shouldSave()
10:17:52.0 (239020965)|STATEMENT_EXECUTE|[880]
10:17:52.0 (239022040)|STATEMENT_EXECUTE|[881]
10:17:52.0 (239024036)|SYSTEM_MODE_EXIT|false
10:17:52.0 (239026893)|METHOD_EXIT|[162]|01p6T0000041qVJ|LogEntryEventBuilder.getLogEntryEvent()
10:17:52.0 (239030333)|VARIABLE_SCOPE_BEGIN|[162]|logEntryEvent|LogEntryEvent__e|true|false
10:17:52.0 (239035487)|VARIABLE_ASSIGNMENT|[162]|logEntryEvent|null|
10:17:52.0 (239038032)|STATEMENT_EXECUTE|[164]
10:17:52.0 (239065257)|HEAP_ALLOCATE|[164]|Bytes:41
10:17:52.0 (239075889)|METHOD_EXIT|[108]|01pEm000009eypt|CallableLogger.CallableHandler.newEntry(Map<String,ANY>)
10:17:52.0 (239080992)|METHOD_EXIT|[61]|01pEm000009eypt|CallableLogger.CallableHandler.handleCall(String, Map<String,ANY>, Map<String,ANY>)
10:17:52.0 (239097553)|VARIABLE_SCOPE_BEGIN|[62]|thrownException|Exception|true|false
10:17:52.0 (239177399)|VARIABLE_ASSIGNMENT|[62]|thrownException|"common.apex.runtime.impl.ExecutionException: Attempt to de-reference a null object"|0x8d72410
10:17:52.0 (239181996)|STATEMENT_EXECUTE|[62]
10:17:52.0 (239183139)|STATEMENT_EXECUTE|[63]
10:17:52.0 (239202179)|HEAP_ALLOCATE|[63]|Bytes:5
10:17:52.0 (239210299)|STATEMENT_EXECUTE|[64]
10:17:52.0 (239229126)|HEAP_ALLOCATE|[64]|Bytes:37
10:17:52.0 (239237493)|HEAP_ALLOCATE|[EXTERNAL]|Bytes:-4
10:17:52.0 (239241742)|STATEMENT_EXECUTE|[65]
10:17:52.0 (239274446)|HEAP_ALLOCATE|[65]|Bytes:192
10:17:52.0 (239280349)|HEAP_ALLOCATE|[EXTERNAL]|Bytes:-4
10:17:52.0 (239283401)|STATEMENT_EXECUTE|[66]
10:17:52.0 (239292186)|HEAP_ALLOCATE|[66]|Bytes:27
10:17:52.0 (239297557)|HEAP_ALLOCATE|[EXTERNAL]|Bytes:-4
10:17:52.0 (239301006)|STATEMENT_EXECUTE|[69]
10:17:52.0 (239303361)|SYSTEM_MODE_EXIT|true
